<?xml version="1.0" encoding="UTF-8" ?>
<testsuite tests="12" failures="0" name="runner.UsuarioRun" time="96.885" errors="12" skipped="0">
  <properties>
    <property name="java.runtime.name" value="OpenJDK Runtime Environment"/>
    <property name="sun.boot.library.path" value="C:\Program Files\Java\zulu8.58.0.13-ca-fx-jdk8.0.312-win_x64\jre\bin"/>
    <property name="java.vm.version" value="25.312-b07"/>
    <property name="jdk.vendor.version" value="Zulu 8.58.0.13-CA-win64"/>
    <property name="java.vm.vendor" value="Azul Systems, Inc."/>
    <property name="maven.multiModuleProjectDirectory" value="C:\Users\guilhermeSantos\Documents\Base2\Desafio_Automacao_Base2\desafioseleniumbase2"/>
    <property name="java.vendor.url" value="http://www.azul.com/"/>
    <property name="path.separator" value=";"/>
    <property name="guice.disable.misplaced.annotation.check" value="true"/>
    <property name="java.vm.name" value="OpenJDK 64-Bit Server VM"/>
    <property name="file.encoding.pkg" value="sun.io"/>
    <property name="user.script" value=""/>
    <property name="user.country" value="BR"/>
    <property name="sun.java.launcher" value="SUN_STANDARD"/>
    <property name="sun.os.patch.level" value=""/>
    <property name="test" value="UsuarioRun"/>
    <property name="java.vm.specification.name" value="Java Virtual Machine Specification"/>
    <property name="user.dir" value="C:\Users\guilhermeSantos\Documents\Base2\Desafio_Automacao_Base2\desafioseleniumbase2"/>
    <property name="java.runtime.version" value="1.8.0_312-b07"/>
    <property name="java.awt.graphicsenv" value="sun.awt.Win32GraphicsEnvironment"/>
    <property name="java.endorsed.dirs" value="C:\Program Files\Java\zulu8.58.0.13-ca-fx-jdk8.0.312-win_x64\jre\lib\endorsed"/>
    <property name="os.arch" value="amd64"/>
    <property name="java.io.tmpdir" value="C:\Users\GUILHE~1\AppData\Local\Temp\"/>
    <property name="line.separator" value="
"/>
    <property name="java.vm.specification.vendor" value="Oracle Corporation"/>
    <property name="user.variant" value=""/>
    <property name="os.name" value="Windows 10"/>
    <property name="classworlds.conf" value="C:\Program Files\JetBrains\apache-maven-3.8.2-bin\apache-maven-3.8.2\bin\m2.conf"/>
    <property name="sun.jnu.encoding" value="Cp1252"/>
    <property name="java.library.path" value="C:\Program Files\Java\zulu8.58.0.13-ca-fx-jdk8.0.312-win_x64\bin;C:\Windows\Sun\Java\bin;C:\Windows\system32;C:\Windows;C:\Program Files\Common Files\Oracle\Java\javapath;C:\Windows\system32;C:\Windows;C:\Windows\System32\Wbem;C:\Windows\System32\WindowsPowerShell\v1.0\;C:\Windows\System32\OpenSSH\;C:\Program Files\Java\zulu8.58.0.13-ca-fx-jdk8.0.312-win_x64\bin;C:\Program Files\Git\cmd;C:\Program Files\dotnet\;C:\Program Files\Microsoft SQL Server\Client SDK\ODBC\110\Tools\Binn\;C:\Program Files (x86)\Microsoft SQL Server\120\Tools\Binn\;C:\Program Files\Microsoft SQL Server\120\Tools\Binn\;C:\Program Files\Microsoft SQL Server\120\DTS\Binn\;C:\Program Files (x86)\Microsoft SQL Server\120\Tools\Binn\ManagementStudio\;C:\Program Files (x86)\Microsoft SQL Server\120\DTS\Binn\;C:\Program Files (x86)\Kaspersky Lab\Endpoint Agent\;C:\Program Files\JetBrains\apache-maven-3.8.2-bin\apache-maven-3.8.2\bin;C:\Program Files\PowerShell\7\;C:\Users\guilhermeSantos\AppData\Local\Microsoft\WindowsApps;;C:\Users\guilhermeSantos\AppData\Local\Programs\Microsoft VS Code\bin;C:\Users\guilhermeSantos\.dotnet\tools;C:\Program Files\JetBrains\IntelliJ IDEA Community Edition 2021.2.3\bin;;."/>
    <property name="maven.conf" value="C:\Program Files\JetBrains\apache-maven-3.8.2-bin\apache-maven-3.8.2/conf"/>
    <property name="java.specification.name" value="Java Platform API Specification"/>
    <property name="java.class.version" value="52.0"/>
    <property name="sun.management.compiler" value="HotSpot 64-Bit Tiered Compilers"/>
    <property name="os.version" value="10.0"/>
    <property name="user.home" value="C:\Users\guilhermeSantos"/>
    <property name="user.timezone" value="America/Sao_Paulo"/>
    <property name="java.awt.printerjob" value="sun.awt.windows.WPrinterJob"/>
    <property name="java.specification.version" value="1.8"/>
    <property name="file.encoding" value="Cp1252"/>
    <property name="user.name" value="guilhermeSantos"/>
    <property name="java.class.path" value="C:\Program Files\JetBrains\apache-maven-3.8.2-bin\apache-maven-3.8.2\boot\plexus-classworlds-2.6.0.jar"/>
    <property name="java.vm.specification.version" value="1.8"/>
    <property name="sun.arch.data.model" value="64"/>
    <property name="java.home" value="C:\Program Files\Java\zulu8.58.0.13-ca-fx-jdk8.0.312-win_x64\jre"/>
    <property name="sun.java.command" value="org.codehaus.plexus.classworlds.launcher.Launcher -Dtest=UsuarioRun test"/>
    <property name="java.specification.vendor" value="Oracle Corporation"/>
    <property name="user.language" value="pt"/>
    <property name="awt.toolkit" value="sun.awt.windows.WToolkit"/>
    <property name="java.vm.info" value="mixed mode"/>
    <property name="java.version" value="1.8.0_312"/>
    <property name="java.ext.dirs" value="C:\Program Files\Java\zulu8.58.0.13-ca-fx-jdk8.0.312-win_x64\jre\lib\ext;C:\Windows\Sun\Java\lib\ext"/>
    <property name="sun.boot.class.path" value="C:\Program Files\Java\zulu8.58.0.13-ca-fx-jdk8.0.312-win_x64\jre\lib\resources.jar;C:\Program Files\Java\zulu8.58.0.13-ca-fx-jdk8.0.312-win_x64\jre\lib\rt.jar;C:\Program Files\Java\zulu8.58.0.13-ca-fx-jdk8.0.312-win_x64\jre\lib\sunrsasign.jar;C:\Program Files\Java\zulu8.58.0.13-ca-fx-jdk8.0.312-win_x64\jre\lib\jsse.jar;C:\Program Files\Java\zulu8.58.0.13-ca-fx-jdk8.0.312-win_x64\jre\lib\jce.jar;C:\Program Files\Java\zulu8.58.0.13-ca-fx-jdk8.0.312-win_x64\jre\lib\charsets.jar;C:\Program Files\Java\zulu8.58.0.13-ca-fx-jdk8.0.312-win_x64\jre\lib\jfr.jar;C:\Program Files\Java\zulu8.58.0.13-ca-fx-jdk8.0.312-win_x64\jre\classes"/>
    <property name="sun.stderr.encoding" value="cp850"/>
    <property name="java.vendor" value="Azul Systems, Inc."/>
    <property name="maven.home" value="C:\Program Files\JetBrains\apache-maven-3.8.2-bin\apache-maven-3.8.2"/>
    <property name="file.separator" value="\"/>
    <property name="java.vendor.url.bug" value="http://www.azul.com/support/"/>
    <property name="sun.cpu.endian" value="little"/>
    <property name="sun.io.unicode.encoding" value="UnicodeLittle"/>
    <property name="sun.stdout.encoding" value="cp850"/>
    <property name="sun.desktop" value="windows"/>
    <property name="sun.cpu.isalist" value="amd64"/>
  </properties>
  <testcase classname="Criação de usuários" name="Criar um usuário com sucesso" time="9.924">
    <error message="no such element: Unable to locate element: {&quot;method&quot;:&quot;xpath&quot;,&quot;selector&quot;:&quot;//a[contains(text(),&apos;Gerenciar UsuÃ¡rios&apos;)]&quot;}
  (Session info: chrome=101.0.4951.54)
For documentation on this error, please visit: https://selenium.dev/exceptions/#no_such_element
Build info: version: &apos;4.1.3&apos;, revision: &apos;7b1ebf28ef&apos;
System info: host: &apos;PAT-0509&apos;, ip: &apos;192.168.1.127&apos;, os.name: &apos;Windows 10&apos;, os.arch: &apos;amd64&apos;, os.version: &apos;10.0&apos;, java.version: &apos;1.8.0_312&apos;
Driver info: org.openqa.selenium.chrome.ChromeDriver
Command: [12da565a7a74d6b4aa91cebb7ba799da, findElement {using=xpath, value=//a[contains(text(),&apos;Gerenciar UsuÃ¡rios&apos;)]}]
Capabilities {acceptInsecureCerts: false, browserName: chrome, browserVersion: 101.0.4951.54, chrome: {chromedriverVersion: 100.0.4896.60 (6a5d10861ce8..., userDataDir: C:\Users\GUILHE~1\AppData\L...}, goog:chromeOptions: {debuggerAddress: localhost:56005}, javascriptEnabled: true, networkConnectionEnabled: false, pageLoadStrategy: normal, platform: WINDOWS, platformName: WINDOWS, proxy: Proxy(), se:cdp: ws://localhost:56005/devtoo..., se:cdpVersion: 101.0.4951.54, setWindowRect: true, strictFileInteractability: false, timeouts: {implicit: 0, pageLoad: 300000, script: 30000}, unhandledPromptBehavior: dismiss and notify, webauthn:extension:credBlob: true, webauthn:extension:largeBlob: true, webauthn:virtualAuthenticators: true}
Session ID: 12da565a7a74d6b4aa91cebb7ba799da" type="org.openqa.selenium.NoSuchElementException">org.openqa.selenium.NoSuchElementException: no such element: Unable to locate element: {&quot;method&quot;:&quot;xpath&quot;,&quot;selector&quot;:&quot;//a[contains(text(),&apos;Gerenciar UsuÃ¡rios&apos;)]&quot;}
  (Session info: chrome=101.0.4951.54)
For documentation on this error, please visit: https://selenium.dev/exceptions/#no_such_element
Build info: version: &apos;4.1.3&apos;, revision: &apos;7b1ebf28ef&apos;
System info: host: &apos;PAT-0509&apos;, ip: &apos;192.168.1.127&apos;, os.name: &apos;Windows 10&apos;, os.arch: &apos;amd64&apos;, os.version: &apos;10.0&apos;, java.version: &apos;1.8.0_312&apos;
Driver info: org.openqa.selenium.chrome.ChromeDriver
Command: [12da565a7a74d6b4aa91cebb7ba799da, findElement {using=xpath, value=//a[contains(text(),&apos;Gerenciar UsuÃ¡rios&apos;)]}]
Capabilities {acceptInsecureCerts: false, browserName: chrome, browserVersion: 101.0.4951.54, chrome: {chromedriverVersion: 100.0.4896.60 (6a5d10861ce8..., userDataDir: C:\Users\GUILHE~1\AppData\L...}, goog:chromeOptions: {debuggerAddress: localhost:56005}, javascriptEnabled: true, networkConnectionEnabled: false, pageLoadStrategy: normal, platform: WINDOWS, platformName: WINDOWS, proxy: Proxy(), se:cdp: ws://localhost:56005/devtoo..., se:cdpVersion: 101.0.4951.54, setWindowRect: true, strictFileInteractability: false, timeouts: {implicit: 0, pageLoad: 300000, script: 30000}, unhandledPromptBehavior: dismiss and notify, webauthn:extension:credBlob: true, webauthn:extension:largeBlob: true, webauthn:virtualAuthenticators: true}
Session ID: 12da565a7a74d6b4aa91cebb7ba799da
	at sun.reflect.NativeConstructorAccessorImpl.newInstance0(Native Method)
	at sun.reflect.NativeConstructorAccessorImpl.newInstance(NativeConstructorAccessorImpl.java:62)
	at sun.reflect.DelegatingConstructorAccessorImpl.newInstance(DelegatingConstructorAccessorImpl.java:45)
	at java.lang.reflect.Constructor.newInstance(Constructor.java:423)
	at org.openqa.selenium.remote.codec.w3c.W3CHttpResponseCodec.createException(W3CHttpResponseCodec.java:200)
	at org.openqa.selenium.remote.codec.w3c.W3CHttpResponseCodec.decode(W3CHttpResponseCodec.java:133)
	at org.openqa.selenium.remote.codec.w3c.W3CHttpResponseCodec.decode(W3CHttpResponseCodec.java:53)
	at org.openqa.selenium.remote.HttpCommandExecutor.execute(HttpCommandExecutor.java:184)
	at org.openqa.selenium.remote.service.DriverCommandExecutor.invokeExecute(DriverCommandExecutor.java:167)
	at org.openqa.selenium.remote.service.DriverCommandExecutor.execute(DriverCommandExecutor.java:142)
	at org.openqa.selenium.remote.RemoteWebDriver.execute(RemoteWebDriver.java:567)
	at org.openqa.selenium.remote.ElementLocation$ElementFinder$2.findElement(ElementLocation.java:162)
	at org.openqa.selenium.remote.ElementLocation.findElement(ElementLocation.java:60)
	at org.openqa.selenium.remote.RemoteWebDriver.findElement(RemoteWebDriver.java:385)
	at org.openqa.selenium.remote.RemoteWebDriver.findElement(RemoteWebDriver.java:377)
	at pages.UsuarioPage.clicarBotaoGerenciarUsuarios(UsuarioPage.java:47)
	at steps.usuario.UsuarioStep.acessarATelaDeCriacaoDeUsuario(UsuarioStep.java:36)
	at ✽.acessar a tela de criacao de usuario(classpath:features/usuario.feature:13)
</error>
    <system-out>
CenÃ¡rio: Criar um usuÃ¡rio com sucesso                           &amp;#27;[90m# features/usuario.feature:12&amp;#27;[0m
  &amp;#27;[32mDado &amp;#27;[0m&amp;#27;[32mque o usuario esteja na pagina de login do Mantis&amp;#27;[0m        &amp;#27;[90m# steps.usuario.UsuarioStep.queOUsuarioEstejaNaPaginaDeLoginDoMantis()&amp;#27;[0m
  &amp;#27;[32mE &amp;#27;[0m&amp;#27;[32mque o usuario tenha feito o login com sucesso&amp;#27;[0m               &amp;#27;[90m# steps.usuario.UsuarioStep.queOUsuarioTenhaFeitoOLoginComSucesso()&amp;#27;[0m
  &amp;#27;[31mQuando &amp;#27;[0m&amp;#27;[31macessar a tela de criacao de usuario&amp;#27;[0m                   &amp;#27;[90m# steps.usuario.UsuarioStep.acessarATelaDeCriacaoDeUsuario()&amp;#27;[0m
      &amp;#27;[31morg.openqa.selenium.NoSuchElementException: no such element: Unable to locate element: {&quot;method&quot;:&quot;xpath&quot;,&quot;selector&quot;:&quot;//a[contains(text(),&apos;Gerenciar UsuÃƒÂ¡rios&apos;)]&quot;}
  (Session info: chrome=101.0.4951.54)
For documentation on this error, please visit: https://selenium.dev/exceptions/#no_such_element
Build info: version: &apos;4.1.3&apos;, revision: &apos;7b1ebf28ef&apos;
System info: host: &apos;PAT-0509&apos;, ip: &apos;192.168.1.127&apos;, os.name: &apos;Windows 10&apos;, os.arch: &apos;amd64&apos;, os.version: &apos;10.0&apos;, java.version: &apos;1.8.0_312&apos;
Driver info: org.openqa.selenium.chrome.ChromeDriver
Command: [12da565a7a74d6b4aa91cebb7ba799da, findElement {using=xpath, value=//a[contains(text(),&apos;Gerenciar UsuÃƒÂ¡rios&apos;)]}]
Capabilities {acceptInsecureCerts: false, browserName: chrome, browserVersion: 101.0.4951.54, chrome: {chromedriverVersion: 100.0.4896.60 (6a5d10861ce8..., userDataDir: C:\Users\GUILHE~1\AppData\L...}, goog:chromeOptions: {debuggerAddress: localhost:56005}, javascriptEnabled: true, networkConnectionEnabled: false, pageLoadStrategy: normal, platform: WINDOWS, platformName: WINDOWS, proxy: Proxy(), se:cdp: ws://localhost:56005/devtoo..., se:cdpVersion: 101.0.4951.54, setWindowRect: true, strictFileInteractability: false, timeouts: {implicit: 0, pageLoad: 300000, script: 30000}, unhandledPromptBehavior: dismiss and notify, webauthn:extension:credBlob: true, webauthn:extension:largeBlob: true, webauthn:virtualAuthenticators: true}
Session ID: 12da565a7a74d6b4aa91cebb7ba799da
	at sun.reflect.NativeConstructorAccessorImpl.newInstance0(Native Method)
	at sun.reflect.NativeConstructorAccessorImpl.newInstance(NativeConstructorAccessorImpl.java:62)
	at sun.reflect.DelegatingConstructorAccessorImpl.newInstance(DelegatingConstructorAccessorImpl.java:45)
	at java.lang.reflect.Constructor.newInstance(Constructor.java:423)
	at org.openqa.selenium.remote.codec.w3c.W3CHttpResponseCodec.createException(W3CHttpResponseCodec.java:200)
	at org.openqa.selenium.remote.codec.w3c.W3CHttpResponseCodec.decode(W3CHttpResponseCodec.java:133)
	at org.openqa.selenium.remote.codec.w3c.W3CHttpResponseCodec.decode(W3CHttpResponseCodec.java:53)
	at org.openqa.selenium.remote.HttpCommandExecutor.execute(HttpCommandExecutor.java:184)
	at org.openqa.selenium.remote.service.DriverCommandExecutor.invokeExecute(DriverCommandExecutor.java:167)
	at org.openqa.selenium.remote.service.DriverCommandExecutor.execute(DriverCommandExecutor.java:142)
	at org.openqa.selenium.remote.RemoteWebDriver.execute(RemoteWebDriver.java:567)
	at org.openqa.selenium.remote.ElementLocation$ElementFinder$2.findElement(ElementLocation.java:162)
	at org.openqa.selenium.remote.ElementLocation.findElement(ElementLocation.java:60)
	at org.openqa.selenium.remote.RemoteWebDriver.findElement(RemoteWebDriver.java:385)
	at org.openqa.selenium.remote.RemoteWebDriver.findElement(RemoteWebDriver.java:377)
	at pages.UsuarioPage.clicarBotaoGerenciarUsuarios(UsuarioPage.java:47)
	at steps.usuario.UsuarioStep.acessarATelaDeCriacaoDeUsuario(UsuarioStep.java:36)
	at âœ½.acessar a tela de criacao de usuario(classpath:features/usuario.feature:13)
&amp;#27;[0m
  &amp;#27;[36mE &amp;#27;[0m&amp;#27;[36mpreencher o nome de usuario &amp;#27;[0m&amp;#27;[36m&amp;#27;[1m&quot;GMS&quot;&amp;#27;[0m                           &amp;#27;[90m# steps.usuario.UsuarioStep.preencherONomeDeUsuario(java.lang.String)&amp;#27;[0m
  &amp;#27;[36mE &amp;#27;[0m&amp;#27;[36mpreencher o nome verdadeiro do usuario &amp;#27;[0m&amp;#27;[36m&amp;#27;[1m&quot;Teste Nome UsuÃ¡rio&quot;&amp;#27;[0m &amp;#27;[90m# steps.usuario.UsuarioStep.preencherONomeVerdadeiroDoUsuario(java.lang.String)&amp;#27;[0m
  &amp;#27;[36mE &amp;#27;[0m&amp;#27;[36mpreencher o email &amp;#27;[0m&amp;#27;[36m&amp;#27;[1m&quot;Usuario@hotmail.com&quot;&amp;#27;[0m                     &amp;#27;[90m# steps.usuario.UsuarioStep.preencherOEmail(java.lang.String)&amp;#27;[0m
  &amp;#27;[36mE &amp;#27;[0m&amp;#27;[36mpreencher o nivel de acesso&amp;#27;[0m                                 &amp;#27;[90m# steps.usuario.UsuarioStep.preencherONivelDeAcesso()&amp;#27;[0m
  &amp;#27;[36mE &amp;#27;[0m&amp;#27;[36mselecionar a opcao protegido&amp;#27;[0m                                &amp;#27;[90m# steps.usuario.UsuarioStep.selecionarAOpcaoProtegido()&amp;#27;[0m
  &amp;#27;[36mE &amp;#27;[0m&amp;#27;[36mclicar no botao de criar usuario&amp;#27;[0m                            &amp;#27;[90m# steps.usuario.UsuarioStep.clicarNoBotaoDeCriarUsuario()&amp;#27;[0m
  &amp;#27;[36mEntÃ£o &amp;#27;[0m&amp;#27;[36mo sistema deve efetuar o cadastro com sucesso&amp;#27;[0m           &amp;#27;[90m# steps.usuario.UsuarioStep.oSistemaDeveEfetuarOCadastroComSucesso()&amp;#27;[0m
</system-out>
    <system-err>SLF4J: Failed to load class &quot;org.slf4j.impl.StaticLoggerBinder&quot;.
SLF4J: Defaulting to no-operation (NOP) logger implementation
SLF4J: See http://www.slf4j.org/codes.html#StaticLoggerBinder for further details.
Starting ChromeDriver 100.0.4896.60 (6a5d10861ce8de5fce22564658033b43cb7de047-refs/branch-heads/4896@{#875}) on port 65500
Only local connections are allowed.
Please see https://chromedriver.chromium.org/security-considerations for suggestions on keeping ChromeDriver safe.
ChromeDriver was started successfully.
[1652649209.739][WARNING]: This version of ChromeDriver has not been tested with Chrome version 101.
mai 15, 2022 6:13:30 PM org.openqa.selenium.remote.ProtocolHandshake createSession
INFORMAÇÕES: Detected dialect: W3C
mai 15, 2022 6:13:30 PM org.openqa.selenium.devtools.CdpVersionFinder findNearestMatch
ADVERTÊNCIA: Unable to find an exact match for CDP version 101, so returning the closest version found: 99
mai 15, 2022 6:13:30 PM org.openqa.selenium.devtools.CdpVersionFinder findNearestMatch
INFORMAÇÕES: Found CDP implementation for version 101 of 99
</system-err>
  </testcase>
  <testcase classname="Criação de usuários" name="Criar um usuário com número no campo nome de usuário" time="8.213">
    <error message="no such element: Unable to locate element: {&quot;method&quot;:&quot;xpath&quot;,&quot;selector&quot;:&quot;//a[contains(text(),&apos;Gerenciar UsuÃ¡rios&apos;)]&quot;}
  (Session info: chrome=101.0.4951.54)
For documentation on this error, please visit: https://selenium.dev/exceptions/#no_such_element
Build info: version: &apos;4.1.3&apos;, revision: &apos;7b1ebf28ef&apos;
System info: host: &apos;PAT-0509&apos;, ip: &apos;192.168.1.127&apos;, os.name: &apos;Windows 10&apos;, os.arch: &apos;amd64&apos;, os.version: &apos;10.0&apos;, java.version: &apos;1.8.0_312&apos;
Driver info: org.openqa.selenium.chrome.ChromeDriver
Command: [37f1f5dd11b97080f8ef42a587a32554, findElement {using=xpath, value=//a[contains(text(),&apos;Gerenciar UsuÃ¡rios&apos;)]}]
Capabilities {acceptInsecureCerts: false, browserName: chrome, browserVersion: 101.0.4951.54, chrome: {chromedriverVersion: 100.0.4896.60 (6a5d10861ce8..., userDataDir: C:\Users\GUILHE~1\AppData\L...}, goog:chromeOptions: {debuggerAddress: localhost:56046}, javascriptEnabled: true, networkConnectionEnabled: false, pageLoadStrategy: normal, platform: WINDOWS, platformName: WINDOWS, proxy: Proxy(), se:cdp: ws://localhost:56046/devtoo..., se:cdpVersion: 101.0.4951.54, setWindowRect: true, strictFileInteractability: false, timeouts: {implicit: 0, pageLoad: 300000, script: 30000}, unhandledPromptBehavior: dismiss and notify, webauthn:extension:credBlob: true, webauthn:extension:largeBlob: true, webauthn:virtualAuthenticators: true}
Session ID: 37f1f5dd11b97080f8ef42a587a32554" type="org.openqa.selenium.NoSuchElementException">org.openqa.selenium.NoSuchElementException: no such element: Unable to locate element: {&quot;method&quot;:&quot;xpath&quot;,&quot;selector&quot;:&quot;//a[contains(text(),&apos;Gerenciar UsuÃ¡rios&apos;)]&quot;}
  (Session info: chrome=101.0.4951.54)
For documentation on this error, please visit: https://selenium.dev/exceptions/#no_such_element
Build info: version: &apos;4.1.3&apos;, revision: &apos;7b1ebf28ef&apos;
System info: host: &apos;PAT-0509&apos;, ip: &apos;192.168.1.127&apos;, os.name: &apos;Windows 10&apos;, os.arch: &apos;amd64&apos;, os.version: &apos;10.0&apos;, java.version: &apos;1.8.0_312&apos;
Driver info: org.openqa.selenium.chrome.ChromeDriver
Command: [37f1f5dd11b97080f8ef42a587a32554, findElement {using=xpath, value=//a[contains(text(),&apos;Gerenciar UsuÃ¡rios&apos;)]}]
Capabilities {acceptInsecureCerts: false, browserName: chrome, browserVersion: 101.0.4951.54, chrome: {chromedriverVersion: 100.0.4896.60 (6a5d10861ce8..., userDataDir: C:\Users\GUILHE~1\AppData\L...}, goog:chromeOptions: {debuggerAddress: localhost:56046}, javascriptEnabled: true, networkConnectionEnabled: false, pageLoadStrategy: normal, platform: WINDOWS, platformName: WINDOWS, proxy: Proxy(), se:cdp: ws://localhost:56046/devtoo..., se:cdpVersion: 101.0.4951.54, setWindowRect: true, strictFileInteractability: false, timeouts: {implicit: 0, pageLoad: 300000, script: 30000}, unhandledPromptBehavior: dismiss and notify, webauthn:extension:credBlob: true, webauthn:extension:largeBlob: true, webauthn:virtualAuthenticators: true}
Session ID: 37f1f5dd11b97080f8ef42a587a32554
	at sun.reflect.NativeConstructorAccessorImpl.newInstance0(Native Method)
	at sun.reflect.NativeConstructorAccessorImpl.newInstance(NativeConstructorAccessorImpl.java:62)
	at sun.reflect.DelegatingConstructorAccessorImpl.newInstance(DelegatingConstructorAccessorImpl.java:45)
	at java.lang.reflect.Constructor.newInstance(Constructor.java:423)
	at org.openqa.selenium.remote.codec.w3c.W3CHttpResponseCodec.createException(W3CHttpResponseCodec.java:200)
	at org.openqa.selenium.remote.codec.w3c.W3CHttpResponseCodec.decode(W3CHttpResponseCodec.java:133)
	at org.openqa.selenium.remote.codec.w3c.W3CHttpResponseCodec.decode(W3CHttpResponseCodec.java:53)
	at org.openqa.selenium.remote.HttpCommandExecutor.execute(HttpCommandExecutor.java:184)
	at org.openqa.selenium.remote.service.DriverCommandExecutor.invokeExecute(DriverCommandExecutor.java:167)
	at org.openqa.selenium.remote.service.DriverCommandExecutor.execute(DriverCommandExecutor.java:142)
	at org.openqa.selenium.remote.RemoteWebDriver.execute(RemoteWebDriver.java:567)
	at org.openqa.selenium.remote.ElementLocation$ElementFinder$2.findElement(ElementLocation.java:162)
	at org.openqa.selenium.remote.ElementLocation.findElement(ElementLocation.java:60)
	at org.openqa.selenium.remote.RemoteWebDriver.findElement(RemoteWebDriver.java:385)
	at org.openqa.selenium.remote.RemoteWebDriver.findElement(RemoteWebDriver.java:377)
	at pages.UsuarioPage.clicarBotaoGerenciarUsuarios(UsuarioPage.java:47)
	at steps.usuario.UsuarioStep.acessarATelaDeCriacaoDeUsuario(UsuarioStep.java:36)
	at ✽.acessar a tela de criacao de usuario(classpath:features/usuario.feature:23)
</error>
    <system-out>
CenÃ¡rio: Criar um usuÃ¡rio com nÃºmero no campo nome de usuÃ¡rio    &amp;#27;[90m# features/usuario.feature:22&amp;#27;[0m
  &amp;#27;[32mDado &amp;#27;[0m&amp;#27;[32mque o usuario esteja na pagina de login do Mantis&amp;#27;[0m         &amp;#27;[90m# steps.usuario.UsuarioStep.queOUsuarioEstejaNaPaginaDeLoginDoMantis()&amp;#27;[0m
  &amp;#27;[32mE &amp;#27;[0m&amp;#27;[32mque o usuario tenha feito o login com sucesso&amp;#27;[0m                &amp;#27;[90m# steps.usuario.UsuarioStep.queOUsuarioTenhaFeitoOLoginComSucesso()&amp;#27;[0m
  &amp;#27;[31mQuando &amp;#27;[0m&amp;#27;[31macessar a tela de criacao de usuario&amp;#27;[0m                    &amp;#27;[90m# steps.usuario.UsuarioStep.acessarATelaDeCriacaoDeUsuario()&amp;#27;[0m
      &amp;#27;[31morg.openqa.selenium.NoSuchElementException: no such element: Unable to locate element: {&quot;method&quot;:&quot;xpath&quot;,&quot;selector&quot;:&quot;//a[contains(text(),&apos;Gerenciar UsuÃƒÂ¡rios&apos;)]&quot;}
  (Session info: chrome=101.0.4951.54)
For documentation on this error, please visit: https://selenium.dev/exceptions/#no_such_element
Build info: version: &apos;4.1.3&apos;, revision: &apos;7b1ebf28ef&apos;
System info: host: &apos;PAT-0509&apos;, ip: &apos;192.168.1.127&apos;, os.name: &apos;Windows 10&apos;, os.arch: &apos;amd64&apos;, os.version: &apos;10.0&apos;, java.version: &apos;1.8.0_312&apos;
Driver info: org.openqa.selenium.chrome.ChromeDriver
Command: [37f1f5dd11b97080f8ef42a587a32554, findElement {using=xpath, value=//a[contains(text(),&apos;Gerenciar UsuÃƒÂ¡rios&apos;)]}]
Capabilities {acceptInsecureCerts: false, browserName: chrome, browserVersion: 101.0.4951.54, chrome: {chromedriverVersion: 100.0.4896.60 (6a5d10861ce8..., userDataDir: C:\Users\GUILHE~1\AppData\L...}, goog:chromeOptions: {debuggerAddress: localhost:56046}, javascriptEnabled: true, networkConnectionEnabled: false, pageLoadStrategy: normal, platform: WINDOWS, platformName: WINDOWS, proxy: Proxy(), se:cdp: ws://localhost:56046/devtoo..., se:cdpVersion: 101.0.4951.54, setWindowRect: true, strictFileInteractability: false, timeouts: {implicit: 0, pageLoad: 300000, script: 30000}, unhandledPromptBehavior: dismiss and notify, webauthn:extension:credBlob: true, webauthn:extension:largeBlob: true, webauthn:virtualAuthenticators: true}
Session ID: 37f1f5dd11b97080f8ef42a587a32554
	at sun.reflect.NativeConstructorAccessorImpl.newInstance0(Native Method)
	at sun.reflect.NativeConstructorAccessorImpl.newInstance(NativeConstructorAccessorImpl.java:62)
	at sun.reflect.DelegatingConstructorAccessorImpl.newInstance(DelegatingConstructorAccessorImpl.java:45)
	at java.lang.reflect.Constructor.newInstance(Constructor.java:423)
	at org.openqa.selenium.remote.codec.w3c.W3CHttpResponseCodec.createException(W3CHttpResponseCodec.java:200)
	at org.openqa.selenium.remote.codec.w3c.W3CHttpResponseCodec.decode(W3CHttpResponseCodec.java:133)
	at org.openqa.selenium.remote.codec.w3c.W3CHttpResponseCodec.decode(W3CHttpResponseCodec.java:53)
	at org.openqa.selenium.remote.HttpCommandExecutor.execute(HttpCommandExecutor.java:184)
	at org.openqa.selenium.remote.service.DriverCommandExecutor.invokeExecute(DriverCommandExecutor.java:167)
	at org.openqa.selenium.remote.service.DriverCommandExecutor.execute(DriverCommandExecutor.java:142)
	at org.openqa.selenium.remote.RemoteWebDriver.execute(RemoteWebDriver.java:567)
	at org.openqa.selenium.remote.ElementLocation$ElementFinder$2.findElement(ElementLocation.java:162)
	at org.openqa.selenium.remote.ElementLocation.findElement(ElementLocation.java:60)
	at org.openqa.selenium.remote.RemoteWebDriver.findElement(RemoteWebDriver.java:385)
	at org.openqa.selenium.remote.RemoteWebDriver.findElement(RemoteWebDriver.java:377)
	at pages.UsuarioPage.clicarBotaoGerenciarUsuarios(UsuarioPage.java:47)
	at steps.usuario.UsuarioStep.acessarATelaDeCriacaoDeUsuario(UsuarioStep.java:36)
	at âœ½.acessar a tela de criacao de usuario(classpath:features/usuario.feature:23)
&amp;#27;[0m
  &amp;#27;[36mE &amp;#27;[0m&amp;#27;[36mpreencher o nome de usuario &amp;#27;[0m&amp;#27;[36m&amp;#27;[1m&quot;123456789&quot;&amp;#27;[0m                      &amp;#27;[90m# steps.usuario.UsuarioStep.preencherONomeDeUsuario(java.lang.String)&amp;#27;[0m
  &amp;#27;[36mE &amp;#27;[0m&amp;#27;[36mpreencher o nome verdadeiro do usuario &amp;#27;[0m&amp;#27;[36m&amp;#27;[1m&quot;Teste Nome UsuÃ¡rio&quot;&amp;#27;[0m  &amp;#27;[90m# steps.usuario.UsuarioStep.preencherONomeVerdadeiroDoUsuario(java.lang.String)&amp;#27;[0m
  &amp;#27;[36mE &amp;#27;[0m&amp;#27;[36mpreencher o email &amp;#27;[0m&amp;#27;[36m&amp;#27;[1m&quot;Usuario2@hotmail.com&quot;&amp;#27;[0m                     &amp;#27;[90m# steps.usuario.UsuarioStep.preencherOEmail(java.lang.String)&amp;#27;[0m
  &amp;#27;[36mE &amp;#27;[0m&amp;#27;[36mpreencher o nivel de acesso&amp;#27;[0m                                  &amp;#27;[90m# steps.usuario.UsuarioStep.preencherONivelDeAcesso()&amp;#27;[0m
  &amp;#27;[36mE &amp;#27;[0m&amp;#27;[36mselecionar a opcao protegido&amp;#27;[0m                                 &amp;#27;[90m# steps.usuario.UsuarioStep.selecionarAOpcaoProtegido()&amp;#27;[0m
  &amp;#27;[36mE &amp;#27;[0m&amp;#27;[36mclicar no botao de criar usuario&amp;#27;[0m                             &amp;#27;[90m# steps.usuario.UsuarioStep.clicarNoBotaoDeCriarUsuario()&amp;#27;[0m
  &amp;#27;[36mEntÃ£o &amp;#27;[0m&amp;#27;[36mo sistema deve efetuar o cadastro com numero com sucesso&amp;#27;[0m &amp;#27;[90m# steps.usuario.UsuarioStep.oSistemaDeveEfetuarOCadastroComNumeroComSucesso()&amp;#27;[0m
</system-out>
    <system-err>Starting ChromeDriver 100.0.4896.60 (6a5d10861ce8de5fce22564658033b43cb7de047-refs/branch-heads/4896@{#875}) on port 63715
Only local connections are allowed.
Please see https://chromedriver.chromium.org/security-considerations for suggestions on keeping ChromeDriver safe.
ChromeDriver was started successfully.
[1652649219.285][WARNING]: This version of ChromeDriver has not been tested with Chrome version 101.
mai 15, 2022 6:13:39 PM org.openqa.selenium.remote.ProtocolHandshake createSession
INFORMAÇÕES: Detected dialect: W3C
mai 15, 2022 6:13:39 PM org.openqa.selenium.devtools.CdpVersionFinder findNearestMatch
ADVERTÊNCIA: Unable to find an exact match for CDP version 101, so returning the closest version found: 99
mai 15, 2022 6:13:39 PM org.openqa.selenium.devtools.CdpVersionFinder findNearestMatch
INFORMAÇÕES: Found CDP implementation for version 101 of 99
</system-err>
  </testcase>
  <testcase classname="Criação de usuários" name="Criar um usuário com caractere especial no campo nome de usuário" time="7.941">
    <error message="no such element: Unable to locate element: {&quot;method&quot;:&quot;xpath&quot;,&quot;selector&quot;:&quot;//a[contains(text(),&apos;Gerenciar UsuÃ¡rios&apos;)]&quot;}
  (Session info: chrome=101.0.4951.54)
For documentation on this error, please visit: https://selenium.dev/exceptions/#no_such_element
Build info: version: &apos;4.1.3&apos;, revision: &apos;7b1ebf28ef&apos;
System info: host: &apos;PAT-0509&apos;, ip: &apos;192.168.1.127&apos;, os.name: &apos;Windows 10&apos;, os.arch: &apos;amd64&apos;, os.version: &apos;10.0&apos;, java.version: &apos;1.8.0_312&apos;
Driver info: org.openqa.selenium.chrome.ChromeDriver
Command: [22b33b73b84edb286bb168617c0b1c41, findElement {using=xpath, value=//a[contains(text(),&apos;Gerenciar UsuÃ¡rios&apos;)]}]
Capabilities {acceptInsecureCerts: false, browserName: chrome, browserVersion: 101.0.4951.54, chrome: {chromedriverVersion: 100.0.4896.60 (6a5d10861ce8..., userDataDir: C:\Users\GUILHE~1\AppData\L...}, goog:chromeOptions: {debuggerAddress: localhost:62347}, javascriptEnabled: true, networkConnectionEnabled: false, pageLoadStrategy: normal, platform: WINDOWS, platformName: WINDOWS, proxy: Proxy(), se:cdp: ws://localhost:62347/devtoo..., se:cdpVersion: 101.0.4951.54, setWindowRect: true, strictFileInteractability: false, timeouts: {implicit: 0, pageLoad: 300000, script: 30000}, unhandledPromptBehavior: dismiss and notify, webauthn:extension:credBlob: true, webauthn:extension:largeBlob: true, webauthn:virtualAuthenticators: true}
Session ID: 22b33b73b84edb286bb168617c0b1c41" type="org.openqa.selenium.NoSuchElementException">org.openqa.selenium.NoSuchElementException: no such element: Unable to locate element: {&quot;method&quot;:&quot;xpath&quot;,&quot;selector&quot;:&quot;//a[contains(text(),&apos;Gerenciar UsuÃ¡rios&apos;)]&quot;}
  (Session info: chrome=101.0.4951.54)
For documentation on this error, please visit: https://selenium.dev/exceptions/#no_such_element
Build info: version: &apos;4.1.3&apos;, revision: &apos;7b1ebf28ef&apos;
System info: host: &apos;PAT-0509&apos;, ip: &apos;192.168.1.127&apos;, os.name: &apos;Windows 10&apos;, os.arch: &apos;amd64&apos;, os.version: &apos;10.0&apos;, java.version: &apos;1.8.0_312&apos;
Driver info: org.openqa.selenium.chrome.ChromeDriver
Command: [22b33b73b84edb286bb168617c0b1c41, findElement {using=xpath, value=//a[contains(text(),&apos;Gerenciar UsuÃ¡rios&apos;)]}]
Capabilities {acceptInsecureCerts: false, browserName: chrome, browserVersion: 101.0.4951.54, chrome: {chromedriverVersion: 100.0.4896.60 (6a5d10861ce8..., userDataDir: C:\Users\GUILHE~1\AppData\L...}, goog:chromeOptions: {debuggerAddress: localhost:62347}, javascriptEnabled: true, networkConnectionEnabled: false, pageLoadStrategy: normal, platform: WINDOWS, platformName: WINDOWS, proxy: Proxy(), se:cdp: ws://localhost:62347/devtoo..., se:cdpVersion: 101.0.4951.54, setWindowRect: true, strictFileInteractability: false, timeouts: {implicit: 0, pageLoad: 300000, script: 30000}, unhandledPromptBehavior: dismiss and notify, webauthn:extension:credBlob: true, webauthn:extension:largeBlob: true, webauthn:virtualAuthenticators: true}
Session ID: 22b33b73b84edb286bb168617c0b1c41
	at sun.reflect.NativeConstructorAccessorImpl.newInstance0(Native Method)
	at sun.reflect.NativeConstructorAccessorImpl.newInstance(NativeConstructorAccessorImpl.java:62)
	at sun.reflect.DelegatingConstructorAccessorImpl.newInstance(DelegatingConstructorAccessorImpl.java:45)
	at java.lang.reflect.Constructor.newInstance(Constructor.java:423)
	at org.openqa.selenium.remote.codec.w3c.W3CHttpResponseCodec.createException(W3CHttpResponseCodec.java:200)
	at org.openqa.selenium.remote.codec.w3c.W3CHttpResponseCodec.decode(W3CHttpResponseCodec.java:133)
	at org.openqa.selenium.remote.codec.w3c.W3CHttpResponseCodec.decode(W3CHttpResponseCodec.java:53)
	at org.openqa.selenium.remote.HttpCommandExecutor.execute(HttpCommandExecutor.java:184)
	at org.openqa.selenium.remote.service.DriverCommandExecutor.invokeExecute(DriverCommandExecutor.java:167)
	at org.openqa.selenium.remote.service.DriverCommandExecutor.execute(DriverCommandExecutor.java:142)
	at org.openqa.selenium.remote.RemoteWebDriver.execute(RemoteWebDriver.java:567)
	at org.openqa.selenium.remote.ElementLocation$ElementFinder$2.findElement(ElementLocation.java:162)
	at org.openqa.selenium.remote.ElementLocation.findElement(ElementLocation.java:60)
	at org.openqa.selenium.remote.RemoteWebDriver.findElement(RemoteWebDriver.java:385)
	at org.openqa.selenium.remote.RemoteWebDriver.findElement(RemoteWebDriver.java:377)
	at pages.UsuarioPage.clicarBotaoGerenciarUsuarios(UsuarioPage.java:47)
	at steps.usuario.UsuarioStep.acessarATelaDeCriacaoDeUsuario(UsuarioStep.java:36)
	at ✽.acessar a tela de criacao de usuario(classpath:features/usuario.feature:33)
</error>
    <system-out>
CenÃ¡rio: Criar um usuÃ¡rio com caractere especial no campo nome de usuÃ¡rio &amp;#27;[90m# features/usuario.feature:32&amp;#27;[0m
  &amp;#27;[32mDado &amp;#27;[0m&amp;#27;[32mque o usuario esteja na pagina de login do Mantis&amp;#27;[0m                  &amp;#27;[90m# steps.usuario.UsuarioStep.queOUsuarioEstejaNaPaginaDeLoginDoMantis()&amp;#27;[0m
  &amp;#27;[32mE &amp;#27;[0m&amp;#27;[32mque o usuario tenha feito o login com sucesso&amp;#27;[0m                         &amp;#27;[90m# steps.usuario.UsuarioStep.queOUsuarioTenhaFeitoOLoginComSucesso()&amp;#27;[0m
  &amp;#27;[31mQuando &amp;#27;[0m&amp;#27;[31macessar a tela de criacao de usuario&amp;#27;[0m                             &amp;#27;[90m# steps.usuario.UsuarioStep.acessarATelaDeCriacaoDeUsuario()&amp;#27;[0m
      &amp;#27;[31morg.openqa.selenium.NoSuchElementException: no such element: Unable to locate element: {&quot;method&quot;:&quot;xpath&quot;,&quot;selector&quot;:&quot;//a[contains(text(),&apos;Gerenciar UsuÃƒÂ¡rios&apos;)]&quot;}
  (Session info: chrome=101.0.4951.54)
For documentation on this error, please visit: https://selenium.dev/exceptions/#no_such_element
Build info: version: &apos;4.1.3&apos;, revision: &apos;7b1ebf28ef&apos;
System info: host: &apos;PAT-0509&apos;, ip: &apos;192.168.1.127&apos;, os.name: &apos;Windows 10&apos;, os.arch: &apos;amd64&apos;, os.version: &apos;10.0&apos;, java.version: &apos;1.8.0_312&apos;
Driver info: org.openqa.selenium.chrome.ChromeDriver
Command: [22b33b73b84edb286bb168617c0b1c41, findElement {using=xpath, value=//a[contains(text(),&apos;Gerenciar UsuÃƒÂ¡rios&apos;)]}]
Capabilities {acceptInsecureCerts: false, browserName: chrome, browserVersion: 101.0.4951.54, chrome: {chromedriverVersion: 100.0.4896.60 (6a5d10861ce8..., userDataDir: C:\Users\GUILHE~1\AppData\L...}, goog:chromeOptions: {debuggerAddress: localhost:62347}, javascriptEnabled: true, networkConnectionEnabled: false, pageLoadStrategy: normal, platform: WINDOWS, platformName: WINDOWS, proxy: Proxy(), se:cdp: ws://localhost:62347/devtoo..., se:cdpVersion: 101.0.4951.54, setWindowRect: true, strictFileInteractability: false, timeouts: {implicit: 0, pageLoad: 300000, script: 30000}, unhandledPromptBehavior: dismiss and notify, webauthn:extension:credBlob: true, webauthn:extension:largeBlob: true, webauthn:virtualAuthenticators: true}
Session ID: 22b33b73b84edb286bb168617c0b1c41
	at sun.reflect.NativeConstructorAccessorImpl.newInstance0(Native Method)
	at sun.reflect.NativeConstructorAccessorImpl.newInstance(NativeConstructorAccessorImpl.java:62)
	at sun.reflect.DelegatingConstructorAccessorImpl.newInstance(DelegatingConstructorAccessorImpl.java:45)
	at java.lang.reflect.Constructor.newInstance(Constructor.java:423)
	at org.openqa.selenium.remote.codec.w3c.W3CHttpResponseCodec.createException(W3CHttpResponseCodec.java:200)
	at org.openqa.selenium.remote.codec.w3c.W3CHttpResponseCodec.decode(W3CHttpResponseCodec.java:133)
	at org.openqa.selenium.remote.codec.w3c.W3CHttpResponseCodec.decode(W3CHttpResponseCodec.java:53)
	at org.openqa.selenium.remote.HttpCommandExecutor.execute(HttpCommandExecutor.java:184)
	at org.openqa.selenium.remote.service.DriverCommandExecutor.invokeExecute(DriverCommandExecutor.java:167)
	at org.openqa.selenium.remote.service.DriverCommandExecutor.execute(DriverCommandExecutor.java:142)
	at org.openqa.selenium.remote.RemoteWebDriver.execute(RemoteWebDriver.java:567)
	at org.openqa.selenium.remote.ElementLocation$ElementFinder$2.findElement(ElementLocation.java:162)
	at org.openqa.selenium.remote.ElementLocation.findElement(ElementLocation.java:60)
	at org.openqa.selenium.remote.RemoteWebDriver.findElement(RemoteWebDriver.java:385)
	at org.openqa.selenium.remote.RemoteWebDriver.findElement(RemoteWebDriver.java:377)
	at pages.UsuarioPage.clicarBotaoGerenciarUsuarios(UsuarioPage.java:47)
	at steps.usuario.UsuarioStep.acessarATelaDeCriacaoDeUsuario(UsuarioStep.java:36)
	at âœ½.acessar a tela de criacao de usuario(classpath:features/usuario.feature:33)
&amp;#27;[0m
  &amp;#27;[36mE &amp;#27;[0m&amp;#27;[36mpreencher o nome de usuario &amp;#27;[0m&amp;#27;[36m&amp;#27;[1m&quot;&amp;#&amp;#&amp;@&amp;*!_-&gt;&quot;&amp;#27;[0m                            &amp;#27;[90m# steps.usuario.UsuarioStep.preencherONomeDeUsuario(java.lang.String)&amp;#27;[0m
  &amp;#27;[36mE &amp;#27;[0m&amp;#27;[36mpreencher o nome verdadeiro do usuario &amp;#27;[0m&amp;#27;[36m&amp;#27;[1m&quot;Teste Nome UsuÃ¡rio&quot;&amp;#27;[0m           &amp;#27;[90m# steps.usuario.UsuarioStep.preencherONomeVerdadeiroDoUsuario(java.lang.String)&amp;#27;[0m
  &amp;#27;[36mE &amp;#27;[0m&amp;#27;[36mpreencher o email &amp;#27;[0m&amp;#27;[36m&amp;#27;[1m&quot;Usuario2@hotmail.com&quot;&amp;#27;[0m                              &amp;#27;[90m# steps.usuario.UsuarioStep.preencherOEmail(java.lang.String)&amp;#27;[0m
  &amp;#27;[36mE &amp;#27;[0m&amp;#27;[36mpreencher o nivel de acesso&amp;#27;[0m                                           &amp;#27;[90m# steps.usuario.UsuarioStep.preencherONivelDeAcesso()&amp;#27;[0m
  &amp;#27;[36mE &amp;#27;[0m&amp;#27;[36mselecionar a opcao protegido&amp;#27;[0m                                          &amp;#27;[90m# steps.usuario.UsuarioStep.selecionarAOpcaoProtegido()&amp;#27;[0m
  &amp;#27;[36mE &amp;#27;[0m&amp;#27;[36mclicar no botao de criar usuario&amp;#27;[0m                                      &amp;#27;[90m# steps.usuario.UsuarioStep.clicarNoBotaoDeCriarUsuario()&amp;#27;[0m
  &amp;#27;[36mEntÃ£o &amp;#27;[0m&amp;#27;[36mo sistema deve emitir uma mensagem de erro do caractere especial&amp;#27;[0m  &amp;#27;[90m# steps.usuario.UsuarioStep.oSistemaDeveEmitirUmaMensagemDeErroDoCaractereEspecial()&amp;#27;[0m
</system-out>
    <system-err>Starting ChromeDriver 100.0.4896.60 (6a5d10861ce8de5fce22564658033b43cb7de047-refs/branch-heads/4896@{#875}) on port 59662
Only local connections are allowed.
Please see https://chromedriver.chromium.org/security-considerations for suggestions on keeping ChromeDriver safe.
ChromeDriver was started successfully.
[1652649227.519][WARNING]: This version of ChromeDriver has not been tested with Chrome version 101.
mai 15, 2022 6:13:47 PM org.openqa.selenium.remote.ProtocolHandshake createSession
INFORMAÇÕES: Detected dialect: W3C
mai 15, 2022 6:13:47 PM org.openqa.selenium.devtools.CdpVersionFinder findNearestMatch
ADVERTÊNCIA: Unable to find an exact match for CDP version 101, so returning the closest version found: 99
mai 15, 2022 6:13:47 PM org.openqa.selenium.devtools.CdpVersionFinder findNearestMatch
INFORMAÇÕES: Found CDP implementation for version 101 of 99
</system-err>
  </testcase>
  <testcase classname="Criação de usuários" name="Criar um usuário sem nome" time="7.776">
    <error message="no such element: Unable to locate element: {&quot;method&quot;:&quot;xpath&quot;,&quot;selector&quot;:&quot;//a[contains(text(),&apos;Gerenciar UsuÃ¡rios&apos;)]&quot;}
  (Session info: chrome=101.0.4951.54)
For documentation on this error, please visit: https://selenium.dev/exceptions/#no_such_element
Build info: version: &apos;4.1.3&apos;, revision: &apos;7b1ebf28ef&apos;
System info: host: &apos;PAT-0509&apos;, ip: &apos;192.168.1.127&apos;, os.name: &apos;Windows 10&apos;, os.arch: &apos;amd64&apos;, os.version: &apos;10.0&apos;, java.version: &apos;1.8.0_312&apos;
Driver info: org.openqa.selenium.chrome.ChromeDriver
Command: [d516bcd5a3a1f425a4ed1058d7a1f007, findElement {using=xpath, value=//a[contains(text(),&apos;Gerenciar UsuÃ¡rios&apos;)]}]
Capabilities {acceptInsecureCerts: false, browserName: chrome, browserVersion: 101.0.4951.54, chrome: {chromedriverVersion: 100.0.4896.60 (6a5d10861ce8..., userDataDir: C:\Users\GUILHE~1\AppData\L...}, goog:chromeOptions: {debuggerAddress: localhost:60586}, javascriptEnabled: true, networkConnectionEnabled: false, pageLoadStrategy: normal, platform: WINDOWS, platformName: WINDOWS, proxy: Proxy(), se:cdp: ws://localhost:60586/devtoo..., se:cdpVersion: 101.0.4951.54, setWindowRect: true, strictFileInteractability: false, timeouts: {implicit: 0, pageLoad: 300000, script: 30000}, unhandledPromptBehavior: dismiss and notify, webauthn:extension:credBlob: true, webauthn:extension:largeBlob: true, webauthn:virtualAuthenticators: true}
Session ID: d516bcd5a3a1f425a4ed1058d7a1f007" type="org.openqa.selenium.NoSuchElementException">org.openqa.selenium.NoSuchElementException: no such element: Unable to locate element: {&quot;method&quot;:&quot;xpath&quot;,&quot;selector&quot;:&quot;//a[contains(text(),&apos;Gerenciar UsuÃ¡rios&apos;)]&quot;}
  (Session info: chrome=101.0.4951.54)
For documentation on this error, please visit: https://selenium.dev/exceptions/#no_such_element
Build info: version: &apos;4.1.3&apos;, revision: &apos;7b1ebf28ef&apos;
System info: host: &apos;PAT-0509&apos;, ip: &apos;192.168.1.127&apos;, os.name: &apos;Windows 10&apos;, os.arch: &apos;amd64&apos;, os.version: &apos;10.0&apos;, java.version: &apos;1.8.0_312&apos;
Driver info: org.openqa.selenium.chrome.ChromeDriver
Command: [d516bcd5a3a1f425a4ed1058d7a1f007, findElement {using=xpath, value=//a[contains(text(),&apos;Gerenciar UsuÃ¡rios&apos;)]}]
Capabilities {acceptInsecureCerts: false, browserName: chrome, browserVersion: 101.0.4951.54, chrome: {chromedriverVersion: 100.0.4896.60 (6a5d10861ce8..., userDataDir: C:\Users\GUILHE~1\AppData\L...}, goog:chromeOptions: {debuggerAddress: localhost:60586}, javascriptEnabled: true, networkConnectionEnabled: false, pageLoadStrategy: normal, platform: WINDOWS, platformName: WINDOWS, proxy: Proxy(), se:cdp: ws://localhost:60586/devtoo..., se:cdpVersion: 101.0.4951.54, setWindowRect: true, strictFileInteractability: false, timeouts: {implicit: 0, pageLoad: 300000, script: 30000}, unhandledPromptBehavior: dismiss and notify, webauthn:extension:credBlob: true, webauthn:extension:largeBlob: true, webauthn:virtualAuthenticators: true}
Session ID: d516bcd5a3a1f425a4ed1058d7a1f007
	at sun.reflect.NativeConstructorAccessorImpl.newInstance0(Native Method)
	at sun.reflect.NativeConstructorAccessorImpl.newInstance(NativeConstructorAccessorImpl.java:62)
	at sun.reflect.DelegatingConstructorAccessorImpl.newInstance(DelegatingConstructorAccessorImpl.java:45)
	at java.lang.reflect.Constructor.newInstance(Constructor.java:423)
	at org.openqa.selenium.remote.codec.w3c.W3CHttpResponseCodec.createException(W3CHttpResponseCodec.java:200)
	at org.openqa.selenium.remote.codec.w3c.W3CHttpResponseCodec.decode(W3CHttpResponseCodec.java:133)
	at org.openqa.selenium.remote.codec.w3c.W3CHttpResponseCodec.decode(W3CHttpResponseCodec.java:53)
	at org.openqa.selenium.remote.HttpCommandExecutor.execute(HttpCommandExecutor.java:184)
	at org.openqa.selenium.remote.service.DriverCommandExecutor.invokeExecute(DriverCommandExecutor.java:167)
	at org.openqa.selenium.remote.service.DriverCommandExecutor.execute(DriverCommandExecutor.java:142)
	at org.openqa.selenium.remote.RemoteWebDriver.execute(RemoteWebDriver.java:567)
	at org.openqa.selenium.remote.ElementLocation$ElementFinder$2.findElement(ElementLocation.java:162)
	at org.openqa.selenium.remote.ElementLocation.findElement(ElementLocation.java:60)
	at org.openqa.selenium.remote.RemoteWebDriver.findElement(RemoteWebDriver.java:385)
	at org.openqa.selenium.remote.RemoteWebDriver.findElement(RemoteWebDriver.java:377)
	at pages.UsuarioPage.clicarBotaoGerenciarUsuarios(UsuarioPage.java:47)
	at steps.usuario.UsuarioStep.acessarATelaDeCriacaoDeUsuario(UsuarioStep.java:36)
	at ✽.acessar a tela de criacao de usuario(classpath:features/usuario.feature:43)
</error>
    <system-out>
CenÃ¡rio: Criar um usuÃ¡rio sem nome                                     &amp;#27;[90m# features/usuario.feature:42&amp;#27;[0m
  &amp;#27;[32mDado &amp;#27;[0m&amp;#27;[32mque o usuario esteja na pagina de login do Mantis&amp;#27;[0m               &amp;#27;[90m# steps.usuario.UsuarioStep.queOUsuarioEstejaNaPaginaDeLoginDoMantis()&amp;#27;[0m
  &amp;#27;[32mE &amp;#27;[0m&amp;#27;[32mque o usuario tenha feito o login com sucesso&amp;#27;[0m                      &amp;#27;[90m# steps.usuario.UsuarioStep.queOUsuarioTenhaFeitoOLoginComSucesso()&amp;#27;[0m
  &amp;#27;[31mQuando &amp;#27;[0m&amp;#27;[31macessar a tela de criacao de usuario&amp;#27;[0m                          &amp;#27;[90m# steps.usuario.UsuarioStep.acessarATelaDeCriacaoDeUsuario()&amp;#27;[0m
      &amp;#27;[31morg.openqa.selenium.NoSuchElementException: no such element: Unable to locate element: {&quot;method&quot;:&quot;xpath&quot;,&quot;selector&quot;:&quot;//a[contains(text(),&apos;Gerenciar UsuÃƒÂ¡rios&apos;)]&quot;}
  (Session info: chrome=101.0.4951.54)
For documentation on this error, please visit: https://selenium.dev/exceptions/#no_such_element
Build info: version: &apos;4.1.3&apos;, revision: &apos;7b1ebf28ef&apos;
System info: host: &apos;PAT-0509&apos;, ip: &apos;192.168.1.127&apos;, os.name: &apos;Windows 10&apos;, os.arch: &apos;amd64&apos;, os.version: &apos;10.0&apos;, java.version: &apos;1.8.0_312&apos;
Driver info: org.openqa.selenium.chrome.ChromeDriver
Command: [d516bcd5a3a1f425a4ed1058d7a1f007, findElement {using=xpath, value=//a[contains(text(),&apos;Gerenciar UsuÃƒÂ¡rios&apos;)]}]
Capabilities {acceptInsecureCerts: false, browserName: chrome, browserVersion: 101.0.4951.54, chrome: {chromedriverVersion: 100.0.4896.60 (6a5d10861ce8..., userDataDir: C:\Users\GUILHE~1\AppData\L...}, goog:chromeOptions: {debuggerAddress: localhost:60586}, javascriptEnabled: true, networkConnectionEnabled: false, pageLoadStrategy: normal, platform: WINDOWS, platformName: WINDOWS, proxy: Proxy(), se:cdp: ws://localhost:60586/devtoo..., se:cdpVersion: 101.0.4951.54, setWindowRect: true, strictFileInteractability: false, timeouts: {implicit: 0, pageLoad: 300000, script: 30000}, unhandledPromptBehavior: dismiss and notify, webauthn:extension:credBlob: true, webauthn:extension:largeBlob: true, webauthn:virtualAuthenticators: true}
Session ID: d516bcd5a3a1f425a4ed1058d7a1f007
	at sun.reflect.NativeConstructorAccessorImpl.newInstance0(Native Method)
	at sun.reflect.NativeConstructorAccessorImpl.newInstance(NativeConstructorAccessorImpl.java:62)
	at sun.reflect.DelegatingConstructorAccessorImpl.newInstance(DelegatingConstructorAccessorImpl.java:45)
	at java.lang.reflect.Constructor.newInstance(Constructor.java:423)
	at org.openqa.selenium.remote.codec.w3c.W3CHttpResponseCodec.createException(W3CHttpResponseCodec.java:200)
	at org.openqa.selenium.remote.codec.w3c.W3CHttpResponseCodec.decode(W3CHttpResponseCodec.java:133)
	at org.openqa.selenium.remote.codec.w3c.W3CHttpResponseCodec.decode(W3CHttpResponseCodec.java:53)
	at org.openqa.selenium.remote.HttpCommandExecutor.execute(HttpCommandExecutor.java:184)
	at org.openqa.selenium.remote.service.DriverCommandExecutor.invokeExecute(DriverCommandExecutor.java:167)
	at org.openqa.selenium.remote.service.DriverCommandExecutor.execute(DriverCommandExecutor.java:142)
	at org.openqa.selenium.remote.RemoteWebDriver.execute(RemoteWebDriver.java:567)
	at org.openqa.selenium.remote.ElementLocation$ElementFinder$2.findElement(ElementLocation.java:162)
	at org.openqa.selenium.remote.ElementLocation.findElement(ElementLocation.java:60)
	at org.openqa.selenium.remote.RemoteWebDriver.findElement(RemoteWebDriver.java:385)
	at org.openqa.selenium.remote.RemoteWebDriver.findElement(RemoteWebDriver.java:377)
	at pages.UsuarioPage.clicarBotaoGerenciarUsuarios(UsuarioPage.java:47)
	at steps.usuario.UsuarioStep.acessarATelaDeCriacaoDeUsuario(UsuarioStep.java:36)
	at âœ½.acessar a tela de criacao de usuario(classpath:features/usuario.feature:43)
&amp;#27;[0m
  &amp;#27;[36mE &amp;#27;[0m&amp;#27;[36mpreencher o nome de usuario &amp;#27;[0m&amp;#27;[36m&amp;#27;[1m&quot;&quot;&amp;#27;[0m                                     &amp;#27;[90m# steps.usuario.UsuarioStep.preencherONomeDeUsuario(java.lang.String)&amp;#27;[0m
  &amp;#27;[36mE &amp;#27;[0m&amp;#27;[36mpreencher o nome verdadeiro do usuario &amp;#27;[0m&amp;#27;[36m&amp;#27;[1m&quot;Usuario Completo&quot;&amp;#27;[0m          &amp;#27;[90m# steps.usuario.UsuarioStep.preencherONomeVerdadeiroDoUsuario(java.lang.String)&amp;#27;[0m
  &amp;#27;[36mE &amp;#27;[0m&amp;#27;[36mpreencher o email &amp;#27;[0m&amp;#27;[36m&amp;#27;[1m&quot;usuario.igual@hotmail.com&quot;&amp;#27;[0m                      &amp;#27;[90m# steps.usuario.UsuarioStep.preencherOEmail(java.lang.String)&amp;#27;[0m
  &amp;#27;[36mE &amp;#27;[0m&amp;#27;[36mclicar no botao de criar usuario&amp;#27;[0m                                   &amp;#27;[90m# steps.usuario.UsuarioStep.clicarNoBotaoDeCriarUsuario()&amp;#27;[0m
  &amp;#27;[36mEntÃ£o &amp;#27;[0m&amp;#27;[36mo sistema deve emitir uma mensagem de erro do usuario sem nome&amp;#27;[0m &amp;#27;[90m# steps.usuario.UsuarioStep.oSistemaDeveEmitirUmaMensagemDeErroDoUsuarioSemNome()&amp;#27;[0m
</system-out>
    <system-err>Starting ChromeDriver 100.0.4896.60 (6a5d10861ce8de5fce22564658033b43cb7de047-refs/branch-heads/4896@{#875}) on port 63643
Only local connections are allowed.
Please see https://chromedriver.chromium.org/security-considerations for suggestions on keeping ChromeDriver safe.
ChromeDriver was started successfully.
[1652649235.215][WARNING]: This version of ChromeDriver has not been tested with Chrome version 101.
mai 15, 2022 6:13:55 PM org.openqa.selenium.remote.ProtocolHandshake createSession
INFORMAÇÕES: Detected dialect: W3C
mai 15, 2022 6:13:55 PM org.openqa.selenium.devtools.CdpVersionFinder findNearestMatch
ADVERTÊNCIA: Unable to find an exact match for CDP version 101, so returning the closest version found: 99
mai 15, 2022 6:13:55 PM org.openqa.selenium.devtools.CdpVersionFinder findNearestMatch
INFORMAÇÕES: Found CDP implementation for version 101 of 99
</system-err>
  </testcase>
  <testcase classname="Criação de usuários" name="Criar um usuário com nome igual ao usuário que foi inserido pelo sql" time="7.898">
    <error message="no such element: Unable to locate element: {&quot;method&quot;:&quot;xpath&quot;,&quot;selector&quot;:&quot;//a[contains(text(),&apos;Gerenciar UsuÃ¡rios&apos;)]&quot;}
  (Session info: chrome=101.0.4951.54)
For documentation on this error, please visit: https://selenium.dev/exceptions/#no_such_element
Build info: version: &apos;4.1.3&apos;, revision: &apos;7b1ebf28ef&apos;
System info: host: &apos;PAT-0509&apos;, ip: &apos;192.168.1.127&apos;, os.name: &apos;Windows 10&apos;, os.arch: &apos;amd64&apos;, os.version: &apos;10.0&apos;, java.version: &apos;1.8.0_312&apos;
Driver info: org.openqa.selenium.chrome.ChromeDriver
Command: [c9b398c0e9b2dd84d20fd6d6949927a8, findElement {using=xpath, value=//a[contains(text(),&apos;Gerenciar UsuÃ¡rios&apos;)]}]
Capabilities {acceptInsecureCerts: false, browserName: chrome, browserVersion: 101.0.4951.54, chrome: {chromedriverVersion: 100.0.4896.60 (6a5d10861ce8..., userDataDir: C:\Users\GUILHE~1\AppData\L...}, goog:chromeOptions: {debuggerAddress: localhost:60626}, javascriptEnabled: true, networkConnectionEnabled: false, pageLoadStrategy: normal, platform: WINDOWS, platformName: WINDOWS, proxy: Proxy(), se:cdp: ws://localhost:60626/devtoo..., se:cdpVersion: 101.0.4951.54, setWindowRect: true, strictFileInteractability: false, timeouts: {implicit: 0, pageLoad: 300000, script: 30000}, unhandledPromptBehavior: dismiss and notify, webauthn:extension:credBlob: true, webauthn:extension:largeBlob: true, webauthn:virtualAuthenticators: true}
Session ID: c9b398c0e9b2dd84d20fd6d6949927a8" type="org.openqa.selenium.NoSuchElementException">org.openqa.selenium.NoSuchElementException: no such element: Unable to locate element: {&quot;method&quot;:&quot;xpath&quot;,&quot;selector&quot;:&quot;//a[contains(text(),&apos;Gerenciar UsuÃ¡rios&apos;)]&quot;}
  (Session info: chrome=101.0.4951.54)
For documentation on this error, please visit: https://selenium.dev/exceptions/#no_such_element
Build info: version: &apos;4.1.3&apos;, revision: &apos;7b1ebf28ef&apos;
System info: host: &apos;PAT-0509&apos;, ip: &apos;192.168.1.127&apos;, os.name: &apos;Windows 10&apos;, os.arch: &apos;amd64&apos;, os.version: &apos;10.0&apos;, java.version: &apos;1.8.0_312&apos;
Driver info: org.openqa.selenium.chrome.ChromeDriver
Command: [c9b398c0e9b2dd84d20fd6d6949927a8, findElement {using=xpath, value=//a[contains(text(),&apos;Gerenciar UsuÃ¡rios&apos;)]}]
Capabilities {acceptInsecureCerts: false, browserName: chrome, browserVersion: 101.0.4951.54, chrome: {chromedriverVersion: 100.0.4896.60 (6a5d10861ce8..., userDataDir: C:\Users\GUILHE~1\AppData\L...}, goog:chromeOptions: {debuggerAddress: localhost:60626}, javascriptEnabled: true, networkConnectionEnabled: false, pageLoadStrategy: normal, platform: WINDOWS, platformName: WINDOWS, proxy: Proxy(), se:cdp: ws://localhost:60626/devtoo..., se:cdpVersion: 101.0.4951.54, setWindowRect: true, strictFileInteractability: false, timeouts: {implicit: 0, pageLoad: 300000, script: 30000}, unhandledPromptBehavior: dismiss and notify, webauthn:extension:credBlob: true, webauthn:extension:largeBlob: true, webauthn:virtualAuthenticators: true}
Session ID: c9b398c0e9b2dd84d20fd6d6949927a8
	at sun.reflect.NativeConstructorAccessorImpl.newInstance0(Native Method)
	at sun.reflect.NativeConstructorAccessorImpl.newInstance(NativeConstructorAccessorImpl.java:62)
	at sun.reflect.DelegatingConstructorAccessorImpl.newInstance(DelegatingConstructorAccessorImpl.java:45)
	at java.lang.reflect.Constructor.newInstance(Constructor.java:423)
	at org.openqa.selenium.remote.codec.w3c.W3CHttpResponseCodec.createException(W3CHttpResponseCodec.java:200)
	at org.openqa.selenium.remote.codec.w3c.W3CHttpResponseCodec.decode(W3CHttpResponseCodec.java:133)
	at org.openqa.selenium.remote.codec.w3c.W3CHttpResponseCodec.decode(W3CHttpResponseCodec.java:53)
	at org.openqa.selenium.remote.HttpCommandExecutor.execute(HttpCommandExecutor.java:184)
	at org.openqa.selenium.remote.service.DriverCommandExecutor.invokeExecute(DriverCommandExecutor.java:167)
	at org.openqa.selenium.remote.service.DriverCommandExecutor.execute(DriverCommandExecutor.java:142)
	at org.openqa.selenium.remote.RemoteWebDriver.execute(RemoteWebDriver.java:567)
	at org.openqa.selenium.remote.ElementLocation$ElementFinder$2.findElement(ElementLocation.java:162)
	at org.openqa.selenium.remote.ElementLocation.findElement(ElementLocation.java:60)
	at org.openqa.selenium.remote.RemoteWebDriver.findElement(RemoteWebDriver.java:385)
	at org.openqa.selenium.remote.RemoteWebDriver.findElement(RemoteWebDriver.java:377)
	at pages.UsuarioPage.clicarBotaoGerenciarUsuarios(UsuarioPage.java:47)
	at steps.usuario.UsuarioStep.acessarATelaDeCriacaoDeUsuario(UsuarioStep.java:36)
	at ✽.acessar a tela de criacao de usuario(classpath:features/usuario.feature:51)
</error>
    <system-out>
CenÃ¡rio: Criar um usuÃ¡rio com nome igual ao usuÃ¡rio que foi inserido pelo sql &amp;#27;[90m# features/usuario.feature:50&amp;#27;[0m
  &amp;#27;[32mDado &amp;#27;[0m&amp;#27;[32mque o usuario esteja na pagina de login do Mantis&amp;#27;[0m                      &amp;#27;[90m# steps.usuario.UsuarioStep.queOUsuarioEstejaNaPaginaDeLoginDoMantis()&amp;#27;[0m
  &amp;#27;[32mE &amp;#27;[0m&amp;#27;[32mque o usuario tenha feito o login com sucesso&amp;#27;[0m                             &amp;#27;[90m# steps.usuario.UsuarioStep.queOUsuarioTenhaFeitoOLoginComSucesso()&amp;#27;[0m
  &amp;#27;[31mQuando &amp;#27;[0m&amp;#27;[31macessar a tela de criacao de usuario&amp;#27;[0m                                 &amp;#27;[90m# steps.usuario.UsuarioStep.acessarATelaDeCriacaoDeUsuario()&amp;#27;[0m
      &amp;#27;[31morg.openqa.selenium.NoSuchElementException: no such element: Unable to locate element: {&quot;method&quot;:&quot;xpath&quot;,&quot;selector&quot;:&quot;//a[contains(text(),&apos;Gerenciar UsuÃƒÂ¡rios&apos;)]&quot;}
  (Session info: chrome=101.0.4951.54)
For documentation on this error, please visit: https://selenium.dev/exceptions/#no_such_element
Build info: version: &apos;4.1.3&apos;, revision: &apos;7b1ebf28ef&apos;
System info: host: &apos;PAT-0509&apos;, ip: &apos;192.168.1.127&apos;, os.name: &apos;Windows 10&apos;, os.arch: &apos;amd64&apos;, os.version: &apos;10.0&apos;, java.version: &apos;1.8.0_312&apos;
Driver info: org.openqa.selenium.chrome.ChromeDriver
Command: [c9b398c0e9b2dd84d20fd6d6949927a8, findElement {using=xpath, value=//a[contains(text(),&apos;Gerenciar UsuÃƒÂ¡rios&apos;)]}]
Capabilities {acceptInsecureCerts: false, browserName: chrome, browserVersion: 101.0.4951.54, chrome: {chromedriverVersion: 100.0.4896.60 (6a5d10861ce8..., userDataDir: C:\Users\GUILHE~1\AppData\L...}, goog:chromeOptions: {debuggerAddress: localhost:60626}, javascriptEnabled: true, networkConnectionEnabled: false, pageLoadStrategy: normal, platform: WINDOWS, platformName: WINDOWS, proxy: Proxy(), se:cdp: ws://localhost:60626/devtoo..., se:cdpVersion: 101.0.4951.54, setWindowRect: true, strictFileInteractability: false, timeouts: {implicit: 0, pageLoad: 300000, script: 30000}, unhandledPromptBehavior: dismiss and notify, webauthn:extension:credBlob: true, webauthn:extension:largeBlob: true, webauthn:virtualAuthenticators: true}
Session ID: c9b398c0e9b2dd84d20fd6d6949927a8
	at sun.reflect.NativeConstructorAccessorImpl.newInstance0(Native Method)
	at sun.reflect.NativeConstructorAccessorImpl.newInstance(NativeConstructorAccessorImpl.java:62)
	at sun.reflect.DelegatingConstructorAccessorImpl.newInstance(DelegatingConstructorAccessorImpl.java:45)
	at java.lang.reflect.Constructor.newInstance(Constructor.java:423)
	at org.openqa.selenium.remote.codec.w3c.W3CHttpResponseCodec.createException(W3CHttpResponseCodec.java:200)
	at org.openqa.selenium.remote.codec.w3c.W3CHttpResponseCodec.decode(W3CHttpResponseCodec.java:133)
	at org.openqa.selenium.remote.codec.w3c.W3CHttpResponseCodec.decode(W3CHttpResponseCodec.java:53)
	at org.openqa.selenium.remote.HttpCommandExecutor.execute(HttpCommandExecutor.java:184)
	at org.openqa.selenium.remote.service.DriverCommandExecutor.invokeExecute(DriverCommandExecutor.java:167)
	at org.openqa.selenium.remote.service.DriverCommandExecutor.execute(DriverCommandExecutor.java:142)
	at org.openqa.selenium.remote.RemoteWebDriver.execute(RemoteWebDriver.java:567)
	at org.openqa.selenium.remote.ElementLocation$ElementFinder$2.findElement(ElementLocation.java:162)
	at org.openqa.selenium.remote.ElementLocation.findElement(ElementLocation.java:60)
	at org.openqa.selenium.remote.RemoteWebDriver.findElement(RemoteWebDriver.java:385)
	at org.openqa.selenium.remote.RemoteWebDriver.findElement(RemoteWebDriver.java:377)
	at pages.UsuarioPage.clicarBotaoGerenciarUsuarios(UsuarioPage.java:47)
	at steps.usuario.UsuarioStep.acessarATelaDeCriacaoDeUsuario(UsuarioStep.java:36)
	at âœ½.acessar a tela de criacao de usuario(classpath:features/usuario.feature:51)
&amp;#27;[0m
  &amp;#27;[36mE &amp;#27;[0m&amp;#27;[36mpreencher o nome de usuario &amp;#27;[0m&amp;#27;[36m&amp;#27;[1m&quot;Usuario1&quot;&amp;#27;[0m                                    &amp;#27;[90m# steps.usuario.UsuarioStep.preencherONomeDeUsuario(java.lang.String)&amp;#27;[0m
  &amp;#27;[36mE &amp;#27;[0m&amp;#27;[36mpreencher o nome verdadeiro do usuario &amp;#27;[0m&amp;#27;[36m&amp;#27;[1m&quot;Usuario Completo&quot;&amp;#27;[0m                 &amp;#27;[90m# steps.usuario.UsuarioStep.preencherONomeVerdadeiroDoUsuario(java.lang.String)&amp;#27;[0m
  &amp;#27;[36mE &amp;#27;[0m&amp;#27;[36mpreencher o email &amp;#27;[0m&amp;#27;[36m&amp;#27;[1m&quot;usuario.igual@hotmail.com&quot;&amp;#27;[0m                             &amp;#27;[90m# steps.usuario.UsuarioStep.preencherOEmail(java.lang.String)&amp;#27;[0m
  &amp;#27;[36mE &amp;#27;[0m&amp;#27;[36mclicar no botao de criar usuario&amp;#27;[0m                                          &amp;#27;[90m# steps.usuario.UsuarioStep.clicarNoBotaoDeCriarUsuario()&amp;#27;[0m
  &amp;#27;[36mEntÃ£o &amp;#27;[0m&amp;#27;[36mo sistema deve emitir uma mensagem de erro&amp;#27;[0m                            &amp;#27;[90m# steps.usuario.UsuarioStep.oSistemaDeveEmitirUmaMensagemDeErro()&amp;#27;[0m
</system-out>
    <system-err>Starting ChromeDriver 100.0.4896.60 (6a5d10861ce8de5fce22564658033b43cb7de047-refs/branch-heads/4896@{#875}) on port 52895
Only local connections are allowed.
Please see https://chromedriver.chromium.org/security-considerations for suggestions on keeping ChromeDriver safe.
ChromeDriver was started successfully.
[1652649243.070][WARNING]: This version of ChromeDriver has not been tested with Chrome version 101.
mai 15, 2022 6:14:03 PM org.openqa.selenium.remote.ProtocolHandshake createSession
INFORMAÇÕES: Detected dialect: W3C
mai 15, 2022 6:14:03 PM org.openqa.selenium.devtools.CdpVersionFinder findNearestMatch
ADVERTÊNCIA: Unable to find an exact match for CDP version 101, so returning the closest version found: 99
mai 15, 2022 6:14:03 PM org.openqa.selenium.devtools.CdpVersionFinder findNearestMatch
INFORMAÇÕES: Found CDP implementation for version 101 of 99
</system-err>
  </testcase>
  <testcase classname="Criação de usuários" name="Criar um usuário com o mesmo email do usuário que foi inserido pelo sql" time="7.71">
    <error message="no such element: Unable to locate element: {&quot;method&quot;:&quot;xpath&quot;,&quot;selector&quot;:&quot;//a[contains(text(),&apos;Gerenciar UsuÃ¡rios&apos;)]&quot;}
  (Session info: chrome=101.0.4951.54)
For documentation on this error, please visit: https://selenium.dev/exceptions/#no_such_element
Build info: version: &apos;4.1.3&apos;, revision: &apos;7b1ebf28ef&apos;
System info: host: &apos;PAT-0509&apos;, ip: &apos;192.168.1.127&apos;, os.name: &apos;Windows 10&apos;, os.arch: &apos;amd64&apos;, os.version: &apos;10.0&apos;, java.version: &apos;1.8.0_312&apos;
Driver info: org.openqa.selenium.chrome.ChromeDriver
Command: [13a3eb356bb071a3652c6171e359f9f6, findElement {using=xpath, value=//a[contains(text(),&apos;Gerenciar UsuÃ¡rios&apos;)]}]
Capabilities {acceptInsecureCerts: false, browserName: chrome, browserVersion: 101.0.4951.54, chrome: {chromedriverVersion: 100.0.4896.60 (6a5d10861ce8..., userDataDir: C:\Users\GUILHE~1\AppData\L...}, goog:chromeOptions: {debuggerAddress: localhost:60669}, javascriptEnabled: true, networkConnectionEnabled: false, pageLoadStrategy: normal, platform: WINDOWS, platformName: WINDOWS, proxy: Proxy(), se:cdp: ws://localhost:60669/devtoo..., se:cdpVersion: 101.0.4951.54, setWindowRect: true, strictFileInteractability: false, timeouts: {implicit: 0, pageLoad: 300000, script: 30000}, unhandledPromptBehavior: dismiss and notify, webauthn:extension:credBlob: true, webauthn:extension:largeBlob: true, webauthn:virtualAuthenticators: true}
Session ID: 13a3eb356bb071a3652c6171e359f9f6" type="org.openqa.selenium.NoSuchElementException">org.openqa.selenium.NoSuchElementException: no such element: Unable to locate element: {&quot;method&quot;:&quot;xpath&quot;,&quot;selector&quot;:&quot;//a[contains(text(),&apos;Gerenciar UsuÃ¡rios&apos;)]&quot;}
  (Session info: chrome=101.0.4951.54)
For documentation on this error, please visit: https://selenium.dev/exceptions/#no_such_element
Build info: version: &apos;4.1.3&apos;, revision: &apos;7b1ebf28ef&apos;
System info: host: &apos;PAT-0509&apos;, ip: &apos;192.168.1.127&apos;, os.name: &apos;Windows 10&apos;, os.arch: &apos;amd64&apos;, os.version: &apos;10.0&apos;, java.version: &apos;1.8.0_312&apos;
Driver info: org.openqa.selenium.chrome.ChromeDriver
Command: [13a3eb356bb071a3652c6171e359f9f6, findElement {using=xpath, value=//a[contains(text(),&apos;Gerenciar UsuÃ¡rios&apos;)]}]
Capabilities {acceptInsecureCerts: false, browserName: chrome, browserVersion: 101.0.4951.54, chrome: {chromedriverVersion: 100.0.4896.60 (6a5d10861ce8..., userDataDir: C:\Users\GUILHE~1\AppData\L...}, goog:chromeOptions: {debuggerAddress: localhost:60669}, javascriptEnabled: true, networkConnectionEnabled: false, pageLoadStrategy: normal, platform: WINDOWS, platformName: WINDOWS, proxy: Proxy(), se:cdp: ws://localhost:60669/devtoo..., se:cdpVersion: 101.0.4951.54, setWindowRect: true, strictFileInteractability: false, timeouts: {implicit: 0, pageLoad: 300000, script: 30000}, unhandledPromptBehavior: dismiss and notify, webauthn:extension:credBlob: true, webauthn:extension:largeBlob: true, webauthn:virtualAuthenticators: true}
Session ID: 13a3eb356bb071a3652c6171e359f9f6
	at sun.reflect.NativeConstructorAccessorImpl.newInstance0(Native Method)
	at sun.reflect.NativeConstructorAccessorImpl.newInstance(NativeConstructorAccessorImpl.java:62)
	at sun.reflect.DelegatingConstructorAccessorImpl.newInstance(DelegatingConstructorAccessorImpl.java:45)
	at java.lang.reflect.Constructor.newInstance(Constructor.java:423)
	at org.openqa.selenium.remote.codec.w3c.W3CHttpResponseCodec.createException(W3CHttpResponseCodec.java:200)
	at org.openqa.selenium.remote.codec.w3c.W3CHttpResponseCodec.decode(W3CHttpResponseCodec.java:133)
	at org.openqa.selenium.remote.codec.w3c.W3CHttpResponseCodec.decode(W3CHttpResponseCodec.java:53)
	at org.openqa.selenium.remote.HttpCommandExecutor.execute(HttpCommandExecutor.java:184)
	at org.openqa.selenium.remote.service.DriverCommandExecutor.invokeExecute(DriverCommandExecutor.java:167)
	at org.openqa.selenium.remote.service.DriverCommandExecutor.execute(DriverCommandExecutor.java:142)
	at org.openqa.selenium.remote.RemoteWebDriver.execute(RemoteWebDriver.java:567)
	at org.openqa.selenium.remote.ElementLocation$ElementFinder$2.findElement(ElementLocation.java:162)
	at org.openqa.selenium.remote.ElementLocation.findElement(ElementLocation.java:60)
	at org.openqa.selenium.remote.RemoteWebDriver.findElement(RemoteWebDriver.java:385)
	at org.openqa.selenium.remote.RemoteWebDriver.findElement(RemoteWebDriver.java:377)
	at pages.UsuarioPage.clicarBotaoGerenciarUsuarios(UsuarioPage.java:47)
	at steps.usuario.UsuarioStep.acessarATelaDeCriacaoDeUsuario(UsuarioStep.java:36)
	at ✽.acessar a tela de criacao de usuario(classpath:features/usuario.feature:59)
</error>
    <system-out>
CenÃ¡rio: Criar um usuÃ¡rio com o mesmo email do usuÃ¡rio que foi inserido pelo sql &amp;#27;[90m# features/usuario.feature:58&amp;#27;[0m
  &amp;#27;[32mDado &amp;#27;[0m&amp;#27;[32mque o usuario esteja na pagina de login do Mantis&amp;#27;[0m                         &amp;#27;[90m# steps.usuario.UsuarioStep.queOUsuarioEstejaNaPaginaDeLoginDoMantis()&amp;#27;[0m
  &amp;#27;[32mE &amp;#27;[0m&amp;#27;[32mque o usuario tenha feito o login com sucesso&amp;#27;[0m                                &amp;#27;[90m# steps.usuario.UsuarioStep.queOUsuarioTenhaFeitoOLoginComSucesso()&amp;#27;[0m
  &amp;#27;[31mQuando &amp;#27;[0m&amp;#27;[31macessar a tela de criacao de usuario&amp;#27;[0m                                    &amp;#27;[90m# steps.usuario.UsuarioStep.acessarATelaDeCriacaoDeUsuario()&amp;#27;[0m
      &amp;#27;[31morg.openqa.selenium.NoSuchElementException: no such element: Unable to locate element: {&quot;method&quot;:&quot;xpath&quot;,&quot;selector&quot;:&quot;//a[contains(text(),&apos;Gerenciar UsuÃƒÂ¡rios&apos;)]&quot;}
  (Session info: chrome=101.0.4951.54)
For documentation on this error, please visit: https://selenium.dev/exceptions/#no_such_element
Build info: version: &apos;4.1.3&apos;, revision: &apos;7b1ebf28ef&apos;
System info: host: &apos;PAT-0509&apos;, ip: &apos;192.168.1.127&apos;, os.name: &apos;Windows 10&apos;, os.arch: &apos;amd64&apos;, os.version: &apos;10.0&apos;, java.version: &apos;1.8.0_312&apos;
Driver info: org.openqa.selenium.chrome.ChromeDriver
Command: [13a3eb356bb071a3652c6171e359f9f6, findElement {using=xpath, value=//a[contains(text(),&apos;Gerenciar UsuÃƒÂ¡rios&apos;)]}]
Capabilities {acceptInsecureCerts: false, browserName: chrome, browserVersion: 101.0.4951.54, chrome: {chromedriverVersion: 100.0.4896.60 (6a5d10861ce8..., userDataDir: C:\Users\GUILHE~1\AppData\L...}, goog:chromeOptions: {debuggerAddress: localhost:60669}, javascriptEnabled: true, networkConnectionEnabled: false, pageLoadStrategy: normal, platform: WINDOWS, platformName: WINDOWS, proxy: Proxy(), se:cdp: ws://localhost:60669/devtoo..., se:cdpVersion: 101.0.4951.54, setWindowRect: true, strictFileInteractability: false, timeouts: {implicit: 0, pageLoad: 300000, script: 30000}, unhandledPromptBehavior: dismiss and notify, webauthn:extension:credBlob: true, webauthn:extension:largeBlob: true, webauthn:virtualAuthenticators: true}
Session ID: 13a3eb356bb071a3652c6171e359f9f6
	at sun.reflect.NativeConstructorAccessorImpl.newInstance0(Native Method)
	at sun.reflect.NativeConstructorAccessorImpl.newInstance(NativeConstructorAccessorImpl.java:62)
	at sun.reflect.DelegatingConstructorAccessorImpl.newInstance(DelegatingConstructorAccessorImpl.java:45)
	at java.lang.reflect.Constructor.newInstance(Constructor.java:423)
	at org.openqa.selenium.remote.codec.w3c.W3CHttpResponseCodec.createException(W3CHttpResponseCodec.java:200)
	at org.openqa.selenium.remote.codec.w3c.W3CHttpResponseCodec.decode(W3CHttpResponseCodec.java:133)
	at org.openqa.selenium.remote.codec.w3c.W3CHttpResponseCodec.decode(W3CHttpResponseCodec.java:53)
	at org.openqa.selenium.remote.HttpCommandExecutor.execute(HttpCommandExecutor.java:184)
	at org.openqa.selenium.remote.service.DriverCommandExecutor.invokeExecute(DriverCommandExecutor.java:167)
	at org.openqa.selenium.remote.service.DriverCommandExecutor.execute(DriverCommandExecutor.java:142)
	at org.openqa.selenium.remote.RemoteWebDriver.execute(RemoteWebDriver.java:567)
	at org.openqa.selenium.remote.ElementLocation$ElementFinder$2.findElement(ElementLocation.java:162)
	at org.openqa.selenium.remote.ElementLocation.findElement(ElementLocation.java:60)
	at org.openqa.selenium.remote.RemoteWebDriver.findElement(RemoteWebDriver.java:385)
	at org.openqa.selenium.remote.RemoteWebDriver.findElement(RemoteWebDriver.java:377)
	at pages.UsuarioPage.clicarBotaoGerenciarUsuarios(UsuarioPage.java:47)
	at steps.usuario.UsuarioStep.acessarATelaDeCriacaoDeUsuario(UsuarioStep.java:36)
	at âœ½.acessar a tela de criacao de usuario(classpath:features/usuario.feature:59)
&amp;#27;[0m
  &amp;#27;[36mE &amp;#27;[0m&amp;#27;[36mpreencher o nome de usuario &amp;#27;[0m&amp;#27;[36m&amp;#27;[1m&quot;Nome Diferente&quot;&amp;#27;[0m                                 &amp;#27;[90m# steps.usuario.UsuarioStep.preencherONomeDeUsuario(java.lang.String)&amp;#27;[0m
  &amp;#27;[36mE &amp;#27;[0m&amp;#27;[36mpreencher o nome verdadeiro do usuario &amp;#27;[0m&amp;#27;[36m&amp;#27;[1m&quot;Usuario Diferente&quot;&amp;#27;[0m                   &amp;#27;[90m# steps.usuario.UsuarioStep.preencherONomeVerdadeiroDoUsuario(java.lang.String)&amp;#27;[0m
  &amp;#27;[36mE &amp;#27;[0m&amp;#27;[36mpreencher o email &amp;#27;[0m&amp;#27;[36m&amp;#27;[1m&quot;usuario.igual@hotmail.com&quot;&amp;#27;[0m                                &amp;#27;[90m# steps.usuario.UsuarioStep.preencherOEmail(java.lang.String)&amp;#27;[0m
  &amp;#27;[36mE &amp;#27;[0m&amp;#27;[36mclicar no botao de criar usuario&amp;#27;[0m                                             &amp;#27;[90m# steps.usuario.UsuarioStep.clicarNoBotaoDeCriarUsuario()&amp;#27;[0m
  &amp;#27;[36mEntÃ£o &amp;#27;[0m&amp;#27;[36mo sistema deve emitir uma mensagem de erro do email igual&amp;#27;[0m                &amp;#27;[90m# steps.usuario.UsuarioStep.oSistemaDeveEmitirUmaMensagemDeErroDoEmailIgual()&amp;#27;[0m
</system-out>
    <system-err>Starting ChromeDriver 100.0.4896.60 (6a5d10861ce8de5fce22564658033b43cb7de047-refs/branch-heads/4896@{#875}) on port 59195
Only local connections are allowed.
Please see https://chromedriver.chromium.org/security-considerations for suggestions on keeping ChromeDriver safe.
ChromeDriver was started successfully.
[1652649250.907][WARNING]: This version of ChromeDriver has not been tested with Chrome version 101.
mai 15, 2022 6:14:11 PM org.openqa.selenium.remote.ProtocolHandshake createSession
INFORMAÇÕES: Detected dialect: W3C
mai 15, 2022 6:14:11 PM org.openqa.selenium.devtools.CdpVersionFinder findNearestMatch
ADVERTÊNCIA: Unable to find an exact match for CDP version 101, so returning the closest version found: 99
mai 15, 2022 6:14:11 PM org.openqa.selenium.devtools.CdpVersionFinder findNearestMatch
INFORMAÇÕES: Found CDP implementation for version 101 of 99
</system-err>
  </testcase>
  <testcase classname="Criação de usuários" name="Editar campo nome usuário com sucesso" time="7.847">
    <error message="no such element: Unable to locate element: {&quot;method&quot;:&quot;xpath&quot;,&quot;selector&quot;:&quot;//a[contains(text(),&apos;Gerenciar UsuÃ¡rios&apos;)]&quot;}
  (Session info: chrome=101.0.4951.54)
For documentation on this error, please visit: https://selenium.dev/exceptions/#no_such_element
Build info: version: &apos;4.1.3&apos;, revision: &apos;7b1ebf28ef&apos;
System info: host: &apos;PAT-0509&apos;, ip: &apos;192.168.1.127&apos;, os.name: &apos;Windows 10&apos;, os.arch: &apos;amd64&apos;, os.version: &apos;10.0&apos;, java.version: &apos;1.8.0_312&apos;
Driver info: org.openqa.selenium.chrome.ChromeDriver
Command: [4e57b6c8f590dfb7e8539b6b7e74da08, findElement {using=xpath, value=//a[contains(text(),&apos;Gerenciar UsuÃ¡rios&apos;)]}]
Capabilities {acceptInsecureCerts: false, browserName: chrome, browserVersion: 101.0.4951.54, chrome: {chromedriverVersion: 100.0.4896.60 (6a5d10861ce8..., userDataDir: C:\Users\GUILHE~1\AppData\L...}, goog:chromeOptions: {debuggerAddress: localhost:52711}, javascriptEnabled: true, networkConnectionEnabled: false, pageLoadStrategy: normal, platform: WINDOWS, platformName: WINDOWS, proxy: Proxy(), se:cdp: ws://localhost:52711/devtoo..., se:cdpVersion: 101.0.4951.54, setWindowRect: true, strictFileInteractability: false, timeouts: {implicit: 0, pageLoad: 300000, script: 30000}, unhandledPromptBehavior: dismiss and notify, webauthn:extension:credBlob: true, webauthn:extension:largeBlob: true, webauthn:virtualAuthenticators: true}
Session ID: 4e57b6c8f590dfb7e8539b6b7e74da08" type="org.openqa.selenium.NoSuchElementException">org.openqa.selenium.NoSuchElementException: no such element: Unable to locate element: {&quot;method&quot;:&quot;xpath&quot;,&quot;selector&quot;:&quot;//a[contains(text(),&apos;Gerenciar UsuÃ¡rios&apos;)]&quot;}
  (Session info: chrome=101.0.4951.54)
For documentation on this error, please visit: https://selenium.dev/exceptions/#no_such_element
Build info: version: &apos;4.1.3&apos;, revision: &apos;7b1ebf28ef&apos;
System info: host: &apos;PAT-0509&apos;, ip: &apos;192.168.1.127&apos;, os.name: &apos;Windows 10&apos;, os.arch: &apos;amd64&apos;, os.version: &apos;10.0&apos;, java.version: &apos;1.8.0_312&apos;
Driver info: org.openqa.selenium.chrome.ChromeDriver
Command: [4e57b6c8f590dfb7e8539b6b7e74da08, findElement {using=xpath, value=//a[contains(text(),&apos;Gerenciar UsuÃ¡rios&apos;)]}]
Capabilities {acceptInsecureCerts: false, browserName: chrome, browserVersion: 101.0.4951.54, chrome: {chromedriverVersion: 100.0.4896.60 (6a5d10861ce8..., userDataDir: C:\Users\GUILHE~1\AppData\L...}, goog:chromeOptions: {debuggerAddress: localhost:52711}, javascriptEnabled: true, networkConnectionEnabled: false, pageLoadStrategy: normal, platform: WINDOWS, platformName: WINDOWS, proxy: Proxy(), se:cdp: ws://localhost:52711/devtoo..., se:cdpVersion: 101.0.4951.54, setWindowRect: true, strictFileInteractability: false, timeouts: {implicit: 0, pageLoad: 300000, script: 30000}, unhandledPromptBehavior: dismiss and notify, webauthn:extension:credBlob: true, webauthn:extension:largeBlob: true, webauthn:virtualAuthenticators: true}
Session ID: 4e57b6c8f590dfb7e8539b6b7e74da08
	at sun.reflect.NativeConstructorAccessorImpl.newInstance0(Native Method)
	at sun.reflect.NativeConstructorAccessorImpl.newInstance(NativeConstructorAccessorImpl.java:62)
	at sun.reflect.DelegatingConstructorAccessorImpl.newInstance(DelegatingConstructorAccessorImpl.java:45)
	at java.lang.reflect.Constructor.newInstance(Constructor.java:423)
	at org.openqa.selenium.remote.codec.w3c.W3CHttpResponseCodec.createException(W3CHttpResponseCodec.java:200)
	at org.openqa.selenium.remote.codec.w3c.W3CHttpResponseCodec.decode(W3CHttpResponseCodec.java:133)
	at org.openqa.selenium.remote.codec.w3c.W3CHttpResponseCodec.decode(W3CHttpResponseCodec.java:53)
	at org.openqa.selenium.remote.HttpCommandExecutor.execute(HttpCommandExecutor.java:184)
	at org.openqa.selenium.remote.service.DriverCommandExecutor.invokeExecute(DriverCommandExecutor.java:167)
	at org.openqa.selenium.remote.service.DriverCommandExecutor.execute(DriverCommandExecutor.java:142)
	at org.openqa.selenium.remote.RemoteWebDriver.execute(RemoteWebDriver.java:567)
	at org.openqa.selenium.remote.ElementLocation$ElementFinder$2.findElement(ElementLocation.java:162)
	at org.openqa.selenium.remote.ElementLocation.findElement(ElementLocation.java:60)
	at org.openqa.selenium.remote.RemoteWebDriver.findElement(RemoteWebDriver.java:385)
	at org.openqa.selenium.remote.RemoteWebDriver.findElement(RemoteWebDriver.java:377)
	at pages.UsuarioPage.clicarBotaoGerenciarUsuarios(UsuarioPage.java:47)
	at steps.usuario.UsuarioStep.acessarATelaDosUsuariosCadastrados(UsuarioStep.java:141)
	at ✽.acessar a tela dos usuarios cadastrados(classpath:features/usuario.feature:67)
</error>
    <system-out>
CenÃ¡rio: Editar campo nome usuÃ¡rio com sucesso           &amp;#27;[90m# features/usuario.feature:66&amp;#27;[0m
  &amp;#27;[32mDado &amp;#27;[0m&amp;#27;[32mque o usuario esteja na pagina de login do Mantis&amp;#27;[0m &amp;#27;[90m# steps.usuario.UsuarioStep.queOUsuarioEstejaNaPaginaDeLoginDoMantis()&amp;#27;[0m
  &amp;#27;[32mE &amp;#27;[0m&amp;#27;[32mque o usuario tenha feito o login com sucesso&amp;#27;[0m        &amp;#27;[90m# steps.usuario.UsuarioStep.queOUsuarioTenhaFeitoOLoginComSucesso()&amp;#27;[0m
  &amp;#27;[31mQuando &amp;#27;[0m&amp;#27;[31macessar a tela dos usuarios cadastrados&amp;#27;[0m         &amp;#27;[90m# steps.usuario.UsuarioStep.acessarATelaDosUsuariosCadastrados()&amp;#27;[0m
      &amp;#27;[31morg.openqa.selenium.NoSuchElementException: no such element: Unable to locate element: {&quot;method&quot;:&quot;xpath&quot;,&quot;selector&quot;:&quot;//a[contains(text(),&apos;Gerenciar UsuÃƒÂ¡rios&apos;)]&quot;}
  (Session info: chrome=101.0.4951.54)
For documentation on this error, please visit: https://selenium.dev/exceptions/#no_such_element
Build info: version: &apos;4.1.3&apos;, revision: &apos;7b1ebf28ef&apos;
System info: host: &apos;PAT-0509&apos;, ip: &apos;192.168.1.127&apos;, os.name: &apos;Windows 10&apos;, os.arch: &apos;amd64&apos;, os.version: &apos;10.0&apos;, java.version: &apos;1.8.0_312&apos;
Driver info: org.openqa.selenium.chrome.ChromeDriver
Command: [4e57b6c8f590dfb7e8539b6b7e74da08, findElement {using=xpath, value=//a[contains(text(),&apos;Gerenciar UsuÃƒÂ¡rios&apos;)]}]
Capabilities {acceptInsecureCerts: false, browserName: chrome, browserVersion: 101.0.4951.54, chrome: {chromedriverVersion: 100.0.4896.60 (6a5d10861ce8..., userDataDir: C:\Users\GUILHE~1\AppData\L...}, goog:chromeOptions: {debuggerAddress: localhost:52711}, javascriptEnabled: true, networkConnectionEnabled: false, pageLoadStrategy: normal, platform: WINDOWS, platformName: WINDOWS, proxy: Proxy(), se:cdp: ws://localhost:52711/devtoo..., se:cdpVersion: 101.0.4951.54, setWindowRect: true, strictFileInteractability: false, timeouts: {implicit: 0, pageLoad: 300000, script: 30000}, unhandledPromptBehavior: dismiss and notify, webauthn:extension:credBlob: true, webauthn:extension:largeBlob: true, webauthn:virtualAuthenticators: true}
Session ID: 4e57b6c8f590dfb7e8539b6b7e74da08
	at sun.reflect.NativeConstructorAccessorImpl.newInstance0(Native Method)
	at sun.reflect.NativeConstructorAccessorImpl.newInstance(NativeConstructorAccessorImpl.java:62)
	at sun.reflect.DelegatingConstructorAccessorImpl.newInstance(DelegatingConstructorAccessorImpl.java:45)
	at java.lang.reflect.Constructor.newInstance(Constructor.java:423)
	at org.openqa.selenium.remote.codec.w3c.W3CHttpResponseCodec.createException(W3CHttpResponseCodec.java:200)
	at org.openqa.selenium.remote.codec.w3c.W3CHttpResponseCodec.decode(W3CHttpResponseCodec.java:133)
	at org.openqa.selenium.remote.codec.w3c.W3CHttpResponseCodec.decode(W3CHttpResponseCodec.java:53)
	at org.openqa.selenium.remote.HttpCommandExecutor.execute(HttpCommandExecutor.java:184)
	at org.openqa.selenium.remote.service.DriverCommandExecutor.invokeExecute(DriverCommandExecutor.java:167)
	at org.openqa.selenium.remote.service.DriverCommandExecutor.execute(DriverCommandExecutor.java:142)
	at org.openqa.selenium.remote.RemoteWebDriver.execute(RemoteWebDriver.java:567)
	at org.openqa.selenium.remote.ElementLocation$ElementFinder$2.findElement(ElementLocation.java:162)
	at org.openqa.selenium.remote.ElementLocation.findElement(ElementLocation.java:60)
	at org.openqa.selenium.remote.RemoteWebDriver.findElement(RemoteWebDriver.java:385)
	at org.openqa.selenium.remote.RemoteWebDriver.findElement(RemoteWebDriver.java:377)
	at pages.UsuarioPage.clicarBotaoGerenciarUsuarios(UsuarioPage.java:47)
	at steps.usuario.UsuarioStep.acessarATelaDosUsuariosCadastrados(UsuarioStep.java:141)
	at âœ½.acessar a tela dos usuarios cadastrados(classpath:features/usuario.feature:67)
&amp;#27;[0m
  &amp;#27;[36mE &amp;#27;[0m&amp;#27;[36mclicar no campo usuario &amp;#27;[0m&amp;#27;[36m&amp;#27;[1m&quot;Usuario1&quot;&amp;#27;[0m                   &amp;#27;[90m# steps.usuario.UsuarioStep.clicarNoCampoUsuario(java.lang.String)&amp;#27;[0m
  &amp;#27;[36mE &amp;#27;[0m&amp;#27;[36meditar o nome de usuario &amp;#27;[0m&amp;#27;[36m&amp;#27;[1m&quot;Usuario1Editado&quot;&amp;#27;[0m           &amp;#27;[90m# steps.usuario.UsuarioStep.editarONomeDeUsuario(java.lang.String)&amp;#27;[0m
  &amp;#27;[36mE &amp;#27;[0m&amp;#27;[36mclicar no botao de atualizar usuario&amp;#27;[0m                 &amp;#27;[90m# steps.usuario.UsuarioStep.clicarNoBotaoDeAtualizarUsuario()&amp;#27;[0m
  &amp;#27;[36mEntÃ£o &amp;#27;[0m&amp;#27;[36mo sistema deve editar o nome com sucesso&amp;#27;[0m         &amp;#27;[90m# steps.usuario.UsuarioStep.oSistemaDeveEditarONomeComSucesso()&amp;#27;[0m
</system-out>
    <system-err>Starting ChromeDriver 100.0.4896.60 (6a5d10861ce8de5fce22564658033b43cb7de047-refs/branch-heads/4896@{#875}) on port 55006
Only local connections are allowed.
Please see https://chromedriver.chromium.org/security-considerations for suggestions on keeping ChromeDriver safe.
ChromeDriver was started successfully.
[1652649258.639][WARNING]: This version of ChromeDriver has not been tested with Chrome version 101.
mai 15, 2022 6:14:18 PM org.openqa.selenium.remote.ProtocolHandshake createSession
INFORMAÇÕES: Detected dialect: W3C
mai 15, 2022 6:14:19 PM org.openqa.selenium.devtools.CdpVersionFinder findNearestMatch
ADVERTÊNCIA: Unable to find an exact match for CDP version 101, so returning the closest version found: 99
mai 15, 2022 6:14:19 PM org.openqa.selenium.devtools.CdpVersionFinder findNearestMatch
INFORMAÇÕES: Found CDP implementation for version 101 of 99
</system-err>
  </testcase>
  <testcase classname="Criação de usuários" name="Editar campo nome usuário para vazio" time="7.878">
    <error message="no such element: Unable to locate element: {&quot;method&quot;:&quot;xpath&quot;,&quot;selector&quot;:&quot;//a[contains(text(),&apos;Gerenciar UsuÃ¡rios&apos;)]&quot;}
  (Session info: chrome=101.0.4951.54)
For documentation on this error, please visit: https://selenium.dev/exceptions/#no_such_element
Build info: version: &apos;4.1.3&apos;, revision: &apos;7b1ebf28ef&apos;
System info: host: &apos;PAT-0509&apos;, ip: &apos;192.168.1.127&apos;, os.name: &apos;Windows 10&apos;, os.arch: &apos;amd64&apos;, os.version: &apos;10.0&apos;, java.version: &apos;1.8.0_312&apos;
Driver info: org.openqa.selenium.chrome.ChromeDriver
Command: [b89ea241a88022cd7b8e99b40b8c0812, findElement {using=xpath, value=//a[contains(text(),&apos;Gerenciar UsuÃ¡rios&apos;)]}]
Capabilities {acceptInsecureCerts: false, browserName: chrome, browserVersion: 101.0.4951.54, chrome: {chromedriverVersion: 100.0.4896.60 (6a5d10861ce8..., userDataDir: C:\Users\GUILHE~1\AppData\L...}, goog:chromeOptions: {debuggerAddress: localhost:52752}, javascriptEnabled: true, networkConnectionEnabled: false, pageLoadStrategy: normal, platform: WINDOWS, platformName: WINDOWS, proxy: Proxy(), se:cdp: ws://localhost:52752/devtoo..., se:cdpVersion: 101.0.4951.54, setWindowRect: true, strictFileInteractability: false, timeouts: {implicit: 0, pageLoad: 300000, script: 30000}, unhandledPromptBehavior: dismiss and notify, webauthn:extension:credBlob: true, webauthn:extension:largeBlob: true, webauthn:virtualAuthenticators: true}
Session ID: b89ea241a88022cd7b8e99b40b8c0812" type="org.openqa.selenium.NoSuchElementException">org.openqa.selenium.NoSuchElementException: no such element: Unable to locate element: {&quot;method&quot;:&quot;xpath&quot;,&quot;selector&quot;:&quot;//a[contains(text(),&apos;Gerenciar UsuÃ¡rios&apos;)]&quot;}
  (Session info: chrome=101.0.4951.54)
For documentation on this error, please visit: https://selenium.dev/exceptions/#no_such_element
Build info: version: &apos;4.1.3&apos;, revision: &apos;7b1ebf28ef&apos;
System info: host: &apos;PAT-0509&apos;, ip: &apos;192.168.1.127&apos;, os.name: &apos;Windows 10&apos;, os.arch: &apos;amd64&apos;, os.version: &apos;10.0&apos;, java.version: &apos;1.8.0_312&apos;
Driver info: org.openqa.selenium.chrome.ChromeDriver
Command: [b89ea241a88022cd7b8e99b40b8c0812, findElement {using=xpath, value=//a[contains(text(),&apos;Gerenciar UsuÃ¡rios&apos;)]}]
Capabilities {acceptInsecureCerts: false, browserName: chrome, browserVersion: 101.0.4951.54, chrome: {chromedriverVersion: 100.0.4896.60 (6a5d10861ce8..., userDataDir: C:\Users\GUILHE~1\AppData\L...}, goog:chromeOptions: {debuggerAddress: localhost:52752}, javascriptEnabled: true, networkConnectionEnabled: false, pageLoadStrategy: normal, platform: WINDOWS, platformName: WINDOWS, proxy: Proxy(), se:cdp: ws://localhost:52752/devtoo..., se:cdpVersion: 101.0.4951.54, setWindowRect: true, strictFileInteractability: false, timeouts: {implicit: 0, pageLoad: 300000, script: 30000}, unhandledPromptBehavior: dismiss and notify, webauthn:extension:credBlob: true, webauthn:extension:largeBlob: true, webauthn:virtualAuthenticators: true}
Session ID: b89ea241a88022cd7b8e99b40b8c0812
	at sun.reflect.NativeConstructorAccessorImpl.newInstance0(Native Method)
	at sun.reflect.NativeConstructorAccessorImpl.newInstance(NativeConstructorAccessorImpl.java:62)
	at sun.reflect.DelegatingConstructorAccessorImpl.newInstance(DelegatingConstructorAccessorImpl.java:45)
	at java.lang.reflect.Constructor.newInstance(Constructor.java:423)
	at org.openqa.selenium.remote.codec.w3c.W3CHttpResponseCodec.createException(W3CHttpResponseCodec.java:200)
	at org.openqa.selenium.remote.codec.w3c.W3CHttpResponseCodec.decode(W3CHttpResponseCodec.java:133)
	at org.openqa.selenium.remote.codec.w3c.W3CHttpResponseCodec.decode(W3CHttpResponseCodec.java:53)
	at org.openqa.selenium.remote.HttpCommandExecutor.execute(HttpCommandExecutor.java:184)
	at org.openqa.selenium.remote.service.DriverCommandExecutor.invokeExecute(DriverCommandExecutor.java:167)
	at org.openqa.selenium.remote.service.DriverCommandExecutor.execute(DriverCommandExecutor.java:142)
	at org.openqa.selenium.remote.RemoteWebDriver.execute(RemoteWebDriver.java:567)
	at org.openqa.selenium.remote.ElementLocation$ElementFinder$2.findElement(ElementLocation.java:162)
	at org.openqa.selenium.remote.ElementLocation.findElement(ElementLocation.java:60)
	at org.openqa.selenium.remote.RemoteWebDriver.findElement(RemoteWebDriver.java:385)
	at org.openqa.selenium.remote.RemoteWebDriver.findElement(RemoteWebDriver.java:377)
	at pages.UsuarioPage.clicarBotaoGerenciarUsuarios(UsuarioPage.java:47)
	at steps.usuario.UsuarioStep.acessarATelaDosUsuariosCadastrados(UsuarioStep.java:141)
	at ✽.acessar a tela dos usuarios cadastrados(classpath:features/usuario.feature:74)
</error>
    <system-out>
CenÃ¡rio: Editar campo nome usuÃ¡rio para vazio                    &amp;#27;[90m# features/usuario.feature:73&amp;#27;[0m
  &amp;#27;[32mDado &amp;#27;[0m&amp;#27;[32mque o usuario esteja na pagina de login do Mantis&amp;#27;[0m         &amp;#27;[90m# steps.usuario.UsuarioStep.queOUsuarioEstejaNaPaginaDeLoginDoMantis()&amp;#27;[0m
  &amp;#27;[32mE &amp;#27;[0m&amp;#27;[32mque o usuario tenha feito o login com sucesso&amp;#27;[0m                &amp;#27;[90m# steps.usuario.UsuarioStep.queOUsuarioTenhaFeitoOLoginComSucesso()&amp;#27;[0m
  &amp;#27;[31mQuando &amp;#27;[0m&amp;#27;[31macessar a tela dos usuarios cadastrados&amp;#27;[0m                 &amp;#27;[90m# steps.usuario.UsuarioStep.acessarATelaDosUsuariosCadastrados()&amp;#27;[0m
      &amp;#27;[31morg.openqa.selenium.NoSuchElementException: no such element: Unable to locate element: {&quot;method&quot;:&quot;xpath&quot;,&quot;selector&quot;:&quot;//a[contains(text(),&apos;Gerenciar UsuÃƒÂ¡rios&apos;)]&quot;}
  (Session info: chrome=101.0.4951.54)
For documentation on this error, please visit: https://selenium.dev/exceptions/#no_such_element
Build info: version: &apos;4.1.3&apos;, revision: &apos;7b1ebf28ef&apos;
System info: host: &apos;PAT-0509&apos;, ip: &apos;192.168.1.127&apos;, os.name: &apos;Windows 10&apos;, os.arch: &apos;amd64&apos;, os.version: &apos;10.0&apos;, java.version: &apos;1.8.0_312&apos;
Driver info: org.openqa.selenium.chrome.ChromeDriver
Command: [b89ea241a88022cd7b8e99b40b8c0812, findElement {using=xpath, value=//a[contains(text(),&apos;Gerenciar UsuÃƒÂ¡rios&apos;)]}]
Capabilities {acceptInsecureCerts: false, browserName: chrome, browserVersion: 101.0.4951.54, chrome: {chromedriverVersion: 100.0.4896.60 (6a5d10861ce8..., userDataDir: C:\Users\GUILHE~1\AppData\L...}, goog:chromeOptions: {debuggerAddress: localhost:52752}, javascriptEnabled: true, networkConnectionEnabled: false, pageLoadStrategy: normal, platform: WINDOWS, platformName: WINDOWS, proxy: Proxy(), se:cdp: ws://localhost:52752/devtoo..., se:cdpVersion: 101.0.4951.54, setWindowRect: true, strictFileInteractability: false, timeouts: {implicit: 0, pageLoad: 300000, script: 30000}, unhandledPromptBehavior: dismiss and notify, webauthn:extension:credBlob: true, webauthn:extension:largeBlob: true, webauthn:virtualAuthenticators: true}
Session ID: b89ea241a88022cd7b8e99b40b8c0812
	at sun.reflect.NativeConstructorAccessorImpl.newInstance0(Native Method)
	at sun.reflect.NativeConstructorAccessorImpl.newInstance(NativeConstructorAccessorImpl.java:62)
	at sun.reflect.DelegatingConstructorAccessorImpl.newInstance(DelegatingConstructorAccessorImpl.java:45)
	at java.lang.reflect.Constructor.newInstance(Constructor.java:423)
	at org.openqa.selenium.remote.codec.w3c.W3CHttpResponseCodec.createException(W3CHttpResponseCodec.java:200)
	at org.openqa.selenium.remote.codec.w3c.W3CHttpResponseCodec.decode(W3CHttpResponseCodec.java:133)
	at org.openqa.selenium.remote.codec.w3c.W3CHttpResponseCodec.decode(W3CHttpResponseCodec.java:53)
	at org.openqa.selenium.remote.HttpCommandExecutor.execute(HttpCommandExecutor.java:184)
	at org.openqa.selenium.remote.service.DriverCommandExecutor.invokeExecute(DriverCommandExecutor.java:167)
	at org.openqa.selenium.remote.service.DriverCommandExecutor.execute(DriverCommandExecutor.java:142)
	at org.openqa.selenium.remote.RemoteWebDriver.execute(RemoteWebDriver.java:567)
	at org.openqa.selenium.remote.ElementLocation$ElementFinder$2.findElement(ElementLocation.java:162)
	at org.openqa.selenium.remote.ElementLocation.findElement(ElementLocation.java:60)
	at org.openqa.selenium.remote.RemoteWebDriver.findElement(RemoteWebDriver.java:385)
	at org.openqa.selenium.remote.RemoteWebDriver.findElement(RemoteWebDriver.java:377)
	at pages.UsuarioPage.clicarBotaoGerenciarUsuarios(UsuarioPage.java:47)
	at steps.usuario.UsuarioStep.acessarATelaDosUsuariosCadastrados(UsuarioStep.java:141)
	at âœ½.acessar a tela dos usuarios cadastrados(classpath:features/usuario.feature:74)
&amp;#27;[0m
  &amp;#27;[36mE &amp;#27;[0m&amp;#27;[36mclicar no campo usuario &amp;#27;[0m&amp;#27;[36m&amp;#27;[1m&quot;Usuario1&quot;&amp;#27;[0m                           &amp;#27;[90m# steps.usuario.UsuarioStep.clicarNoCampoUsuario(java.lang.String)&amp;#27;[0m
  &amp;#27;[36mE &amp;#27;[0m&amp;#27;[36meditar o nome de usuario &amp;#27;[0m&amp;#27;[36m&amp;#27;[1m&quot;&quot;&amp;#27;[0m                                  &amp;#27;[90m# steps.usuario.UsuarioStep.editarONomeDeUsuario(java.lang.String)&amp;#27;[0m
  &amp;#27;[36mE &amp;#27;[0m&amp;#27;[36mclicar no botao de atualizar usuario&amp;#27;[0m                         &amp;#27;[90m# steps.usuario.UsuarioStep.clicarNoBotaoDeAtualizarUsuario()&amp;#27;[0m
  &amp;#27;[36mEntÃ£o &amp;#27;[0m&amp;#27;[36mo sistema deve emitir uma mensagem de erro do nome vazio&amp;#27;[0m &amp;#27;[90m# steps.usuario.UsuarioStep.oSistemaDeveEmitirUmaMensagemDeErroDoNomeVazio()&amp;#27;[0m
</system-out>
    <system-err>Starting ChromeDriver 100.0.4896.60 (6a5d10861ce8de5fce22564658033b43cb7de047-refs/branch-heads/4896@{#875}) on port 52562
Only local connections are allowed.
Please see https://chromedriver.chromium.org/security-considerations for suggestions on keeping ChromeDriver safe.
ChromeDriver was started successfully.
[1652649266.558][WARNING]: This version of ChromeDriver has not been tested with Chrome version 101.
mai 15, 2022 6:14:26 PM org.openqa.selenium.remote.ProtocolHandshake createSession
INFORMAÇÕES: Detected dialect: W3C
mai 15, 2022 6:14:26 PM org.openqa.selenium.devtools.CdpVersionFinder findNearestMatch
ADVERTÊNCIA: Unable to find an exact match for CDP version 101, so returning the closest version found: 99
mai 15, 2022 6:14:26 PM org.openqa.selenium.devtools.CdpVersionFinder findNearestMatch
INFORMAÇÕES: Found CDP implementation for version 101 of 99
</system-err>
  </testcase>
  <testcase classname="Criação de usuários" name="Editar campo nome verdadeiro com sucesso" time="7.842">
    <error message="no such element: Unable to locate element: {&quot;method&quot;:&quot;xpath&quot;,&quot;selector&quot;:&quot;//a[contains(text(),&apos;Gerenciar UsuÃ¡rios&apos;)]&quot;}
  (Session info: chrome=101.0.4951.54)
For documentation on this error, please visit: https://selenium.dev/exceptions/#no_such_element
Build info: version: &apos;4.1.3&apos;, revision: &apos;7b1ebf28ef&apos;
System info: host: &apos;PAT-0509&apos;, ip: &apos;192.168.1.127&apos;, os.name: &apos;Windows 10&apos;, os.arch: &apos;amd64&apos;, os.version: &apos;10.0&apos;, java.version: &apos;1.8.0_312&apos;
Driver info: org.openqa.selenium.chrome.ChromeDriver
Command: [f53fd4217d3c270412773385da41669b, findElement {using=xpath, value=//a[contains(text(),&apos;Gerenciar UsuÃ¡rios&apos;)]}]
Capabilities {acceptInsecureCerts: false, browserName: chrome, browserVersion: 101.0.4951.54, chrome: {chromedriverVersion: 100.0.4896.60 (6a5d10861ce8..., userDataDir: C:\Users\GUILHE~1\AppData\L...}, goog:chromeOptions: {debuggerAddress: localhost:52794}, javascriptEnabled: true, networkConnectionEnabled: false, pageLoadStrategy: normal, platform: WINDOWS, platformName: WINDOWS, proxy: Proxy(), se:cdp: ws://localhost:52794/devtoo..., se:cdpVersion: 101.0.4951.54, setWindowRect: true, strictFileInteractability: false, timeouts: {implicit: 0, pageLoad: 300000, script: 30000}, unhandledPromptBehavior: dismiss and notify, webauthn:extension:credBlob: true, webauthn:extension:largeBlob: true, webauthn:virtualAuthenticators: true}
Session ID: f53fd4217d3c270412773385da41669b" type="org.openqa.selenium.NoSuchElementException">org.openqa.selenium.NoSuchElementException: no such element: Unable to locate element: {&quot;method&quot;:&quot;xpath&quot;,&quot;selector&quot;:&quot;//a[contains(text(),&apos;Gerenciar UsuÃ¡rios&apos;)]&quot;}
  (Session info: chrome=101.0.4951.54)
For documentation on this error, please visit: https://selenium.dev/exceptions/#no_such_element
Build info: version: &apos;4.1.3&apos;, revision: &apos;7b1ebf28ef&apos;
System info: host: &apos;PAT-0509&apos;, ip: &apos;192.168.1.127&apos;, os.name: &apos;Windows 10&apos;, os.arch: &apos;amd64&apos;, os.version: &apos;10.0&apos;, java.version: &apos;1.8.0_312&apos;
Driver info: org.openqa.selenium.chrome.ChromeDriver
Command: [f53fd4217d3c270412773385da41669b, findElement {using=xpath, value=//a[contains(text(),&apos;Gerenciar UsuÃ¡rios&apos;)]}]
Capabilities {acceptInsecureCerts: false, browserName: chrome, browserVersion: 101.0.4951.54, chrome: {chromedriverVersion: 100.0.4896.60 (6a5d10861ce8..., userDataDir: C:\Users\GUILHE~1\AppData\L...}, goog:chromeOptions: {debuggerAddress: localhost:52794}, javascriptEnabled: true, networkConnectionEnabled: false, pageLoadStrategy: normal, platform: WINDOWS, platformName: WINDOWS, proxy: Proxy(), se:cdp: ws://localhost:52794/devtoo..., se:cdpVersion: 101.0.4951.54, setWindowRect: true, strictFileInteractability: false, timeouts: {implicit: 0, pageLoad: 300000, script: 30000}, unhandledPromptBehavior: dismiss and notify, webauthn:extension:credBlob: true, webauthn:extension:largeBlob: true, webauthn:virtualAuthenticators: true}
Session ID: f53fd4217d3c270412773385da41669b
	at sun.reflect.NativeConstructorAccessorImpl.newInstance0(Native Method)
	at sun.reflect.NativeConstructorAccessorImpl.newInstance(NativeConstructorAccessorImpl.java:62)
	at sun.reflect.DelegatingConstructorAccessorImpl.newInstance(DelegatingConstructorAccessorImpl.java:45)
	at java.lang.reflect.Constructor.newInstance(Constructor.java:423)
	at org.openqa.selenium.remote.codec.w3c.W3CHttpResponseCodec.createException(W3CHttpResponseCodec.java:200)
	at org.openqa.selenium.remote.codec.w3c.W3CHttpResponseCodec.decode(W3CHttpResponseCodec.java:133)
	at org.openqa.selenium.remote.codec.w3c.W3CHttpResponseCodec.decode(W3CHttpResponseCodec.java:53)
	at org.openqa.selenium.remote.HttpCommandExecutor.execute(HttpCommandExecutor.java:184)
	at org.openqa.selenium.remote.service.DriverCommandExecutor.invokeExecute(DriverCommandExecutor.java:167)
	at org.openqa.selenium.remote.service.DriverCommandExecutor.execute(DriverCommandExecutor.java:142)
	at org.openqa.selenium.remote.RemoteWebDriver.execute(RemoteWebDriver.java:567)
	at org.openqa.selenium.remote.ElementLocation$ElementFinder$2.findElement(ElementLocation.java:162)
	at org.openqa.selenium.remote.ElementLocation.findElement(ElementLocation.java:60)
	at org.openqa.selenium.remote.RemoteWebDriver.findElement(RemoteWebDriver.java:385)
	at org.openqa.selenium.remote.RemoteWebDriver.findElement(RemoteWebDriver.java:377)
	at pages.UsuarioPage.clicarBotaoGerenciarUsuarios(UsuarioPage.java:47)
	at steps.usuario.UsuarioStep.acessarATelaDosUsuariosCadastrados(UsuarioStep.java:141)
	at ✽.acessar a tela dos usuarios cadastrados(classpath:features/usuario.feature:81)
</error>
    <system-out>
CenÃ¡rio: Editar campo nome verdadeiro com sucesso           &amp;#27;[90m# features/usuario.feature:80&amp;#27;[0m
  &amp;#27;[32mDado &amp;#27;[0m&amp;#27;[32mque o usuario esteja na pagina de login do Mantis&amp;#27;[0m    &amp;#27;[90m# steps.usuario.UsuarioStep.queOUsuarioEstejaNaPaginaDeLoginDoMantis()&amp;#27;[0m
  &amp;#27;[32mE &amp;#27;[0m&amp;#27;[32mque o usuario tenha feito o login com sucesso&amp;#27;[0m           &amp;#27;[90m# steps.usuario.UsuarioStep.queOUsuarioTenhaFeitoOLoginComSucesso()&amp;#27;[0m
  &amp;#27;[31mQuando &amp;#27;[0m&amp;#27;[31macessar a tela dos usuarios cadastrados&amp;#27;[0m            &amp;#27;[90m# steps.usuario.UsuarioStep.acessarATelaDosUsuariosCadastrados()&amp;#27;[0m
      &amp;#27;[31morg.openqa.selenium.NoSuchElementException: no such element: Unable to locate element: {&quot;method&quot;:&quot;xpath&quot;,&quot;selector&quot;:&quot;//a[contains(text(),&apos;Gerenciar UsuÃƒÂ¡rios&apos;)]&quot;}
  (Session info: chrome=101.0.4951.54)
For documentation on this error, please visit: https://selenium.dev/exceptions/#no_such_element
Build info: version: &apos;4.1.3&apos;, revision: &apos;7b1ebf28ef&apos;
System info: host: &apos;PAT-0509&apos;, ip: &apos;192.168.1.127&apos;, os.name: &apos;Windows 10&apos;, os.arch: &apos;amd64&apos;, os.version: &apos;10.0&apos;, java.version: &apos;1.8.0_312&apos;
Driver info: org.openqa.selenium.chrome.ChromeDriver
Command: [f53fd4217d3c270412773385da41669b, findElement {using=xpath, value=//a[contains(text(),&apos;Gerenciar UsuÃƒÂ¡rios&apos;)]}]
Capabilities {acceptInsecureCerts: false, browserName: chrome, browserVersion: 101.0.4951.54, chrome: {chromedriverVersion: 100.0.4896.60 (6a5d10861ce8..., userDataDir: C:\Users\GUILHE~1\AppData\L...}, goog:chromeOptions: {debuggerAddress: localhost:52794}, javascriptEnabled: true, networkConnectionEnabled: false, pageLoadStrategy: normal, platform: WINDOWS, platformName: WINDOWS, proxy: Proxy(), se:cdp: ws://localhost:52794/devtoo..., se:cdpVersion: 101.0.4951.54, setWindowRect: true, strictFileInteractability: false, timeouts: {implicit: 0, pageLoad: 300000, script: 30000}, unhandledPromptBehavior: dismiss and notify, webauthn:extension:credBlob: true, webauthn:extension:largeBlob: true, webauthn:virtualAuthenticators: true}
Session ID: f53fd4217d3c270412773385da41669b
	at sun.reflect.NativeConstructorAccessorImpl.newInstance0(Native Method)
	at sun.reflect.NativeConstructorAccessorImpl.newInstance(NativeConstructorAccessorImpl.java:62)
	at sun.reflect.DelegatingConstructorAccessorImpl.newInstance(DelegatingConstructorAccessorImpl.java:45)
	at java.lang.reflect.Constructor.newInstance(Constructor.java:423)
	at org.openqa.selenium.remote.codec.w3c.W3CHttpResponseCodec.createException(W3CHttpResponseCodec.java:200)
	at org.openqa.selenium.remote.codec.w3c.W3CHttpResponseCodec.decode(W3CHttpResponseCodec.java:133)
	at org.openqa.selenium.remote.codec.w3c.W3CHttpResponseCodec.decode(W3CHttpResponseCodec.java:53)
	at org.openqa.selenium.remote.HttpCommandExecutor.execute(HttpCommandExecutor.java:184)
	at org.openqa.selenium.remote.service.DriverCommandExecutor.invokeExecute(DriverCommandExecutor.java:167)
	at org.openqa.selenium.remote.service.DriverCommandExecutor.execute(DriverCommandExecutor.java:142)
	at org.openqa.selenium.remote.RemoteWebDriver.execute(RemoteWebDriver.java:567)
	at org.openqa.selenium.remote.ElementLocation$ElementFinder$2.findElement(ElementLocation.java:162)
	at org.openqa.selenium.remote.ElementLocation.findElement(ElementLocation.java:60)
	at org.openqa.selenium.remote.RemoteWebDriver.findElement(RemoteWebDriver.java:385)
	at org.openqa.selenium.remote.RemoteWebDriver.findElement(RemoteWebDriver.java:377)
	at pages.UsuarioPage.clicarBotaoGerenciarUsuarios(UsuarioPage.java:47)
	at steps.usuario.UsuarioStep.acessarATelaDosUsuariosCadastrados(UsuarioStep.java:141)
	at âœ½.acessar a tela dos usuarios cadastrados(classpath:features/usuario.feature:81)
&amp;#27;[0m
  &amp;#27;[36mE &amp;#27;[0m&amp;#27;[36mclicar no campo usuario &amp;#27;[0m&amp;#27;[36m&amp;#27;[1m&quot;Usuario1&quot;&amp;#27;[0m                      &amp;#27;[90m# steps.usuario.UsuarioStep.clicarNoCampoUsuario(java.lang.String)&amp;#27;[0m
  &amp;#27;[36mE &amp;#27;[0m&amp;#27;[36meditar o nome verdadeiro &amp;#27;[0m&amp;#27;[36m&amp;#27;[1m&quot;Usuario Completo editado&quot;&amp;#27;[0m     &amp;#27;[90m# steps.usuario.UsuarioStep.editarONomeVerdadeiro(java.lang.String)&amp;#27;[0m
  &amp;#27;[36mE &amp;#27;[0m&amp;#27;[36mclicar no botao de atualizar usuario&amp;#27;[0m                    &amp;#27;[90m# steps.usuario.UsuarioStep.clicarNoBotaoDeAtualizarUsuario()&amp;#27;[0m
  &amp;#27;[36mEntÃ£o &amp;#27;[0m&amp;#27;[36mo sistema deve editar o nome verdadeiro com sucesso&amp;#27;[0m &amp;#27;[90m# steps.usuario.UsuarioStep.oSistemaDeveEditarONomeVerdadeiroComSucesso()&amp;#27;[0m
</system-out>
    <system-err>Starting ChromeDriver 100.0.4896.60 (6a5d10861ce8de5fce22564658033b43cb7de047-refs/branch-heads/4896@{#875}) on port 62560
Only local connections are allowed.
Please see https://chromedriver.chromium.org/security-considerations for suggestions on keeping ChromeDriver safe.
ChromeDriver was started successfully.
[1652649274.313][WARNING]: This version of ChromeDriver has not been tested with Chrome version 101.
mai 15, 2022 6:14:34 PM org.openqa.selenium.remote.ProtocolHandshake createSession
INFORMAÇÕES: Detected dialect: W3C
mai 15, 2022 6:14:34 PM org.openqa.selenium.devtools.CdpVersionFinder findNearestMatch
ADVERTÊNCIA: Unable to find an exact match for CDP version 101, so returning the closest version found: 99
mai 15, 2022 6:14:34 PM org.openqa.selenium.devtools.CdpVersionFinder findNearestMatch
INFORMAÇÕES: Found CDP implementation for version 101 of 99
</system-err>
  </testcase>
  <testcase classname="Criação de usuários" name="Editar email com sucesso" time="7.919">
    <error message="no such element: Unable to locate element: {&quot;method&quot;:&quot;xpath&quot;,&quot;selector&quot;:&quot;//a[contains(text(),&apos;Gerenciar UsuÃ¡rios&apos;)]&quot;}
  (Session info: chrome=101.0.4951.54)
For documentation on this error, please visit: https://selenium.dev/exceptions/#no_such_element
Build info: version: &apos;4.1.3&apos;, revision: &apos;7b1ebf28ef&apos;
System info: host: &apos;PAT-0509&apos;, ip: &apos;192.168.1.127&apos;, os.name: &apos;Windows 10&apos;, os.arch: &apos;amd64&apos;, os.version: &apos;10.0&apos;, java.version: &apos;1.8.0_312&apos;
Driver info: org.openqa.selenium.chrome.ChromeDriver
Command: [1948fbad0948582360153f488926b627, findElement {using=xpath, value=//a[contains(text(),&apos;Gerenciar UsuÃ¡rios&apos;)]}]
Capabilities {acceptInsecureCerts: false, browserName: chrome, browserVersion: 101.0.4951.54, chrome: {chromedriverVersion: 100.0.4896.60 (6a5d10861ce8..., userDataDir: C:\Users\GUILHE~1\AppData\L...}, goog:chromeOptions: {debuggerAddress: localhost:52844}, javascriptEnabled: true, networkConnectionEnabled: false, pageLoadStrategy: normal, platform: WINDOWS, platformName: WINDOWS, proxy: Proxy(), se:cdp: ws://localhost:52844/devtoo..., se:cdpVersion: 101.0.4951.54, setWindowRect: true, strictFileInteractability: false, timeouts: {implicit: 0, pageLoad: 300000, script: 30000}, unhandledPromptBehavior: dismiss and notify, webauthn:extension:credBlob: true, webauthn:extension:largeBlob: true, webauthn:virtualAuthenticators: true}
Session ID: 1948fbad0948582360153f488926b627" type="org.openqa.selenium.NoSuchElementException">org.openqa.selenium.NoSuchElementException: no such element: Unable to locate element: {&quot;method&quot;:&quot;xpath&quot;,&quot;selector&quot;:&quot;//a[contains(text(),&apos;Gerenciar UsuÃ¡rios&apos;)]&quot;}
  (Session info: chrome=101.0.4951.54)
For documentation on this error, please visit: https://selenium.dev/exceptions/#no_such_element
Build info: version: &apos;4.1.3&apos;, revision: &apos;7b1ebf28ef&apos;
System info: host: &apos;PAT-0509&apos;, ip: &apos;192.168.1.127&apos;, os.name: &apos;Windows 10&apos;, os.arch: &apos;amd64&apos;, os.version: &apos;10.0&apos;, java.version: &apos;1.8.0_312&apos;
Driver info: org.openqa.selenium.chrome.ChromeDriver
Command: [1948fbad0948582360153f488926b627, findElement {using=xpath, value=//a[contains(text(),&apos;Gerenciar UsuÃ¡rios&apos;)]}]
Capabilities {acceptInsecureCerts: false, browserName: chrome, browserVersion: 101.0.4951.54, chrome: {chromedriverVersion: 100.0.4896.60 (6a5d10861ce8..., userDataDir: C:\Users\GUILHE~1\AppData\L...}, goog:chromeOptions: {debuggerAddress: localhost:52844}, javascriptEnabled: true, networkConnectionEnabled: false, pageLoadStrategy: normal, platform: WINDOWS, platformName: WINDOWS, proxy: Proxy(), se:cdp: ws://localhost:52844/devtoo..., se:cdpVersion: 101.0.4951.54, setWindowRect: true, strictFileInteractability: false, timeouts: {implicit: 0, pageLoad: 300000, script: 30000}, unhandledPromptBehavior: dismiss and notify, webauthn:extension:credBlob: true, webauthn:extension:largeBlob: true, webauthn:virtualAuthenticators: true}
Session ID: 1948fbad0948582360153f488926b627
	at sun.reflect.NativeConstructorAccessorImpl.newInstance0(Native Method)
	at sun.reflect.NativeConstructorAccessorImpl.newInstance(NativeConstructorAccessorImpl.java:62)
	at sun.reflect.DelegatingConstructorAccessorImpl.newInstance(DelegatingConstructorAccessorImpl.java:45)
	at java.lang.reflect.Constructor.newInstance(Constructor.java:423)
	at org.openqa.selenium.remote.codec.w3c.W3CHttpResponseCodec.createException(W3CHttpResponseCodec.java:200)
	at org.openqa.selenium.remote.codec.w3c.W3CHttpResponseCodec.decode(W3CHttpResponseCodec.java:133)
	at org.openqa.selenium.remote.codec.w3c.W3CHttpResponseCodec.decode(W3CHttpResponseCodec.java:53)
	at org.openqa.selenium.remote.HttpCommandExecutor.execute(HttpCommandExecutor.java:184)
	at org.openqa.selenium.remote.service.DriverCommandExecutor.invokeExecute(DriverCommandExecutor.java:167)
	at org.openqa.selenium.remote.service.DriverCommandExecutor.execute(DriverCommandExecutor.java:142)
	at org.openqa.selenium.remote.RemoteWebDriver.execute(RemoteWebDriver.java:567)
	at org.openqa.selenium.remote.ElementLocation$ElementFinder$2.findElement(ElementLocation.java:162)
	at org.openqa.selenium.remote.ElementLocation.findElement(ElementLocation.java:60)
	at org.openqa.selenium.remote.RemoteWebDriver.findElement(RemoteWebDriver.java:385)
	at org.openqa.selenium.remote.RemoteWebDriver.findElement(RemoteWebDriver.java:377)
	at pages.UsuarioPage.clicarBotaoGerenciarUsuarios(UsuarioPage.java:47)
	at steps.usuario.UsuarioStep.acessarATelaDosUsuariosCadastrados(UsuarioStep.java:141)
	at ✽.acessar a tela dos usuarios cadastrados(classpath:features/usuario.feature:88)
</error>
    <system-out>
CenÃ¡rio: Editar email com sucesso                        &amp;#27;[90m# features/usuario.feature:87&amp;#27;[0m
  &amp;#27;[32mDado &amp;#27;[0m&amp;#27;[32mque o usuario esteja na pagina de login do Mantis&amp;#27;[0m &amp;#27;[90m# steps.usuario.UsuarioStep.queOUsuarioEstejaNaPaginaDeLoginDoMantis()&amp;#27;[0m
  &amp;#27;[32mE &amp;#27;[0m&amp;#27;[32mque o usuario tenha feito o login com sucesso&amp;#27;[0m        &amp;#27;[90m# steps.usuario.UsuarioStep.queOUsuarioTenhaFeitoOLoginComSucesso()&amp;#27;[0m
  &amp;#27;[31mQuando &amp;#27;[0m&amp;#27;[31macessar a tela dos usuarios cadastrados&amp;#27;[0m         &amp;#27;[90m# steps.usuario.UsuarioStep.acessarATelaDosUsuariosCadastrados()&amp;#27;[0m
      &amp;#27;[31morg.openqa.selenium.NoSuchElementException: no such element: Unable to locate element: {&quot;method&quot;:&quot;xpath&quot;,&quot;selector&quot;:&quot;//a[contains(text(),&apos;Gerenciar UsuÃƒÂ¡rios&apos;)]&quot;}
  (Session info: chrome=101.0.4951.54)
For documentation on this error, please visit: https://selenium.dev/exceptions/#no_such_element
Build info: version: &apos;4.1.3&apos;, revision: &apos;7b1ebf28ef&apos;
System info: host: &apos;PAT-0509&apos;, ip: &apos;192.168.1.127&apos;, os.name: &apos;Windows 10&apos;, os.arch: &apos;amd64&apos;, os.version: &apos;10.0&apos;, java.version: &apos;1.8.0_312&apos;
Driver info: org.openqa.selenium.chrome.ChromeDriver
Command: [1948fbad0948582360153f488926b627, findElement {using=xpath, value=//a[contains(text(),&apos;Gerenciar UsuÃƒÂ¡rios&apos;)]}]
Capabilities {acceptInsecureCerts: false, browserName: chrome, browserVersion: 101.0.4951.54, chrome: {chromedriverVersion: 100.0.4896.60 (6a5d10861ce8..., userDataDir: C:\Users\GUILHE~1\AppData\L...}, goog:chromeOptions: {debuggerAddress: localhost:52844}, javascriptEnabled: true, networkConnectionEnabled: false, pageLoadStrategy: normal, platform: WINDOWS, platformName: WINDOWS, proxy: Proxy(), se:cdp: ws://localhost:52844/devtoo..., se:cdpVersion: 101.0.4951.54, setWindowRect: true, strictFileInteractability: false, timeouts: {implicit: 0, pageLoad: 300000, script: 30000}, unhandledPromptBehavior: dismiss and notify, webauthn:extension:credBlob: true, webauthn:extension:largeBlob: true, webauthn:virtualAuthenticators: true}
Session ID: 1948fbad0948582360153f488926b627
	at sun.reflect.NativeConstructorAccessorImpl.newInstance0(Native Method)
	at sun.reflect.NativeConstructorAccessorImpl.newInstance(NativeConstructorAccessorImpl.java:62)
	at sun.reflect.DelegatingConstructorAccessorImpl.newInstance(DelegatingConstructorAccessorImpl.java:45)
	at java.lang.reflect.Constructor.newInstance(Constructor.java:423)
	at org.openqa.selenium.remote.codec.w3c.W3CHttpResponseCodec.createException(W3CHttpResponseCodec.java:200)
	at org.openqa.selenium.remote.codec.w3c.W3CHttpResponseCodec.decode(W3CHttpResponseCodec.java:133)
	at org.openqa.selenium.remote.codec.w3c.W3CHttpResponseCodec.decode(W3CHttpResponseCodec.java:53)
	at org.openqa.selenium.remote.HttpCommandExecutor.execute(HttpCommandExecutor.java:184)
	at org.openqa.selenium.remote.service.DriverCommandExecutor.invokeExecute(DriverCommandExecutor.java:167)
	at org.openqa.selenium.remote.service.DriverCommandExecutor.execute(DriverCommandExecutor.java:142)
	at org.openqa.selenium.remote.RemoteWebDriver.execute(RemoteWebDriver.java:567)
	at org.openqa.selenium.remote.ElementLocation$ElementFinder$2.findElement(ElementLocation.java:162)
	at org.openqa.selenium.remote.ElementLocation.findElement(ElementLocation.java:60)
	at org.openqa.selenium.remote.RemoteWebDriver.findElement(RemoteWebDriver.java:385)
	at org.openqa.selenium.remote.RemoteWebDriver.findElement(RemoteWebDriver.java:377)
	at pages.UsuarioPage.clicarBotaoGerenciarUsuarios(UsuarioPage.java:47)
	at steps.usuario.UsuarioStep.acessarATelaDosUsuariosCadastrados(UsuarioStep.java:141)
	at âœ½.acessar a tela dos usuarios cadastrados(classpath:features/usuario.feature:88)
&amp;#27;[0m
  &amp;#27;[36mE &amp;#27;[0m&amp;#27;[36mclicar no campo usuario &amp;#27;[0m&amp;#27;[36m&amp;#27;[1m&quot;Usuario1&quot;&amp;#27;[0m                   &amp;#27;[90m# steps.usuario.UsuarioStep.clicarNoCampoUsuario(java.lang.String)&amp;#27;[0m
  &amp;#27;[36mE &amp;#27;[0m&amp;#27;[36meditar o email &amp;#27;[0m&amp;#27;[36m&amp;#27;[1m&quot;usuarioeditado.igual@hotmail.com&quot;&amp;#27;[0m    &amp;#27;[90m# steps.usuario.UsuarioStep.editarOEmail(java.lang.String)&amp;#27;[0m
  &amp;#27;[36mE &amp;#27;[0m&amp;#27;[36mclicar no botao de atualizar usuario&amp;#27;[0m                 &amp;#27;[90m# steps.usuario.UsuarioStep.clicarNoBotaoDeAtualizarUsuario()&amp;#27;[0m
  &amp;#27;[36mEntÃ£o &amp;#27;[0m&amp;#27;[36mo sistema deve editar o email com sucesso&amp;#27;[0m        &amp;#27;[90m# steps.usuario.UsuarioStep.oSistemaDeveEditarOEmailComSucesso()&amp;#27;[0m
</system-out>
    <system-err>Starting ChromeDriver 100.0.4896.60 (6a5d10861ce8de5fce22564658033b43cb7de047-refs/branch-heads/4896@{#875}) on port 64384
Only local connections are allowed.
Please see https://chromedriver.chromium.org/security-considerations for suggestions on keeping ChromeDriver safe.
ChromeDriver was started successfully.
[1652649282.345][WARNING]: This version of ChromeDriver has not been tested with Chrome version 101.
mai 15, 2022 6:14:42 PM org.openqa.selenium.remote.ProtocolHandshake createSession
INFORMAÇÕES: Detected dialect: W3C
mai 15, 2022 6:14:42 PM org.openqa.selenium.devtools.CdpVersionFinder findNearestMatch
ADVERTÊNCIA: Unable to find an exact match for CDP version 101, so returning the closest version found: 99
mai 15, 2022 6:14:42 PM org.openqa.selenium.devtools.CdpVersionFinder findNearestMatch
INFORMAÇÕES: Found CDP implementation for version 101 of 99
</system-err>
  </testcase>
  <testcase classname="Criação de usuários" name="Editar nível de acesso com sucesso" time="7.929">
    <error message="no such element: Unable to locate element: {&quot;method&quot;:&quot;xpath&quot;,&quot;selector&quot;:&quot;//a[contains(text(),&apos;Gerenciar UsuÃ¡rios&apos;)]&quot;}
  (Session info: chrome=101.0.4951.54)
For documentation on this error, please visit: https://selenium.dev/exceptions/#no_such_element
Build info: version: &apos;4.1.3&apos;, revision: &apos;7b1ebf28ef&apos;
System info: host: &apos;PAT-0509&apos;, ip: &apos;192.168.1.127&apos;, os.name: &apos;Windows 10&apos;, os.arch: &apos;amd64&apos;, os.version: &apos;10.0&apos;, java.version: &apos;1.8.0_312&apos;
Driver info: org.openqa.selenium.chrome.ChromeDriver
Command: [80e4a93d67a819191973537d5a231213, findElement {using=xpath, value=//a[contains(text(),&apos;Gerenciar UsuÃ¡rios&apos;)]}]
Capabilities {acceptInsecureCerts: false, browserName: chrome, browserVersion: 101.0.4951.54, chrome: {chromedriverVersion: 100.0.4896.60 (6a5d10861ce8..., userDataDir: C:\Users\GUILHE~1\AppData\L...}, goog:chromeOptions: {debuggerAddress: localhost:52884}, javascriptEnabled: true, networkConnectionEnabled: false, pageLoadStrategy: normal, platform: WINDOWS, platformName: WINDOWS, proxy: Proxy(), se:cdp: ws://localhost:52884/devtoo..., se:cdpVersion: 101.0.4951.54, setWindowRect: true, strictFileInteractability: false, timeouts: {implicit: 0, pageLoad: 300000, script: 30000}, unhandledPromptBehavior: dismiss and notify, webauthn:extension:credBlob: true, webauthn:extension:largeBlob: true, webauthn:virtualAuthenticators: true}
Session ID: 80e4a93d67a819191973537d5a231213" type="org.openqa.selenium.NoSuchElementException">org.openqa.selenium.NoSuchElementException: no such element: Unable to locate element: {&quot;method&quot;:&quot;xpath&quot;,&quot;selector&quot;:&quot;//a[contains(text(),&apos;Gerenciar UsuÃ¡rios&apos;)]&quot;}
  (Session info: chrome=101.0.4951.54)
For documentation on this error, please visit: https://selenium.dev/exceptions/#no_such_element
Build info: version: &apos;4.1.3&apos;, revision: &apos;7b1ebf28ef&apos;
System info: host: &apos;PAT-0509&apos;, ip: &apos;192.168.1.127&apos;, os.name: &apos;Windows 10&apos;, os.arch: &apos;amd64&apos;, os.version: &apos;10.0&apos;, java.version: &apos;1.8.0_312&apos;
Driver info: org.openqa.selenium.chrome.ChromeDriver
Command: [80e4a93d67a819191973537d5a231213, findElement {using=xpath, value=//a[contains(text(),&apos;Gerenciar UsuÃ¡rios&apos;)]}]
Capabilities {acceptInsecureCerts: false, browserName: chrome, browserVersion: 101.0.4951.54, chrome: {chromedriverVersion: 100.0.4896.60 (6a5d10861ce8..., userDataDir: C:\Users\GUILHE~1\AppData\L...}, goog:chromeOptions: {debuggerAddress: localhost:52884}, javascriptEnabled: true, networkConnectionEnabled: false, pageLoadStrategy: normal, platform: WINDOWS, platformName: WINDOWS, proxy: Proxy(), se:cdp: ws://localhost:52884/devtoo..., se:cdpVersion: 101.0.4951.54, setWindowRect: true, strictFileInteractability: false, timeouts: {implicit: 0, pageLoad: 300000, script: 30000}, unhandledPromptBehavior: dismiss and notify, webauthn:extension:credBlob: true, webauthn:extension:largeBlob: true, webauthn:virtualAuthenticators: true}
Session ID: 80e4a93d67a819191973537d5a231213
	at sun.reflect.NativeConstructorAccessorImpl.newInstance0(Native Method)
	at sun.reflect.NativeConstructorAccessorImpl.newInstance(NativeConstructorAccessorImpl.java:62)
	at sun.reflect.DelegatingConstructorAccessorImpl.newInstance(DelegatingConstructorAccessorImpl.java:45)
	at java.lang.reflect.Constructor.newInstance(Constructor.java:423)
	at org.openqa.selenium.remote.codec.w3c.W3CHttpResponseCodec.createException(W3CHttpResponseCodec.java:200)
	at org.openqa.selenium.remote.codec.w3c.W3CHttpResponseCodec.decode(W3CHttpResponseCodec.java:133)
	at org.openqa.selenium.remote.codec.w3c.W3CHttpResponseCodec.decode(W3CHttpResponseCodec.java:53)
	at org.openqa.selenium.remote.HttpCommandExecutor.execute(HttpCommandExecutor.java:184)
	at org.openqa.selenium.remote.service.DriverCommandExecutor.invokeExecute(DriverCommandExecutor.java:167)
	at org.openqa.selenium.remote.service.DriverCommandExecutor.execute(DriverCommandExecutor.java:142)
	at org.openqa.selenium.remote.RemoteWebDriver.execute(RemoteWebDriver.java:567)
	at org.openqa.selenium.remote.ElementLocation$ElementFinder$2.findElement(ElementLocation.java:162)
	at org.openqa.selenium.remote.ElementLocation.findElement(ElementLocation.java:60)
	at org.openqa.selenium.remote.RemoteWebDriver.findElement(RemoteWebDriver.java:385)
	at org.openqa.selenium.remote.RemoteWebDriver.findElement(RemoteWebDriver.java:377)
	at pages.UsuarioPage.clicarBotaoGerenciarUsuarios(UsuarioPage.java:47)
	at steps.usuario.UsuarioStep.acessarATelaDosUsuariosCadastrados(UsuarioStep.java:141)
	at ✽.acessar a tela dos usuarios cadastrados(classpath:features/usuario.feature:95)
</error>
    <system-out>
CenÃ¡rio: Editar nÃ­vel de acesso com sucesso              &amp;#27;[90m# features/usuario.feature:94&amp;#27;[0m
  &amp;#27;[32mDado &amp;#27;[0m&amp;#27;[32mque o usuario esteja na pagina de login do Mantis&amp;#27;[0m &amp;#27;[90m# steps.usuario.UsuarioStep.queOUsuarioEstejaNaPaginaDeLoginDoMantis()&amp;#27;[0m
  &amp;#27;[32mE &amp;#27;[0m&amp;#27;[32mque o usuario tenha feito o login com sucesso&amp;#27;[0m        &amp;#27;[90m# steps.usuario.UsuarioStep.queOUsuarioTenhaFeitoOLoginComSucesso()&amp;#27;[0m
  &amp;#27;[31mQuando &amp;#27;[0m&amp;#27;[31macessar a tela dos usuarios cadastrados&amp;#27;[0m         &amp;#27;[90m# steps.usuario.UsuarioStep.acessarATelaDosUsuariosCadastrados()&amp;#27;[0m
      &amp;#27;[31morg.openqa.selenium.NoSuchElementException: no such element: Unable to locate element: {&quot;method&quot;:&quot;xpath&quot;,&quot;selector&quot;:&quot;//a[contains(text(),&apos;Gerenciar UsuÃƒÂ¡rios&apos;)]&quot;}
  (Session info: chrome=101.0.4951.54)
For documentation on this error, please visit: https://selenium.dev/exceptions/#no_such_element
Build info: version: &apos;4.1.3&apos;, revision: &apos;7b1ebf28ef&apos;
System info: host: &apos;PAT-0509&apos;, ip: &apos;192.168.1.127&apos;, os.name: &apos;Windows 10&apos;, os.arch: &apos;amd64&apos;, os.version: &apos;10.0&apos;, java.version: &apos;1.8.0_312&apos;
Driver info: org.openqa.selenium.chrome.ChromeDriver
Command: [80e4a93d67a819191973537d5a231213, findElement {using=xpath, value=//a[contains(text(),&apos;Gerenciar UsuÃƒÂ¡rios&apos;)]}]
Capabilities {acceptInsecureCerts: false, browserName: chrome, browserVersion: 101.0.4951.54, chrome: {chromedriverVersion: 100.0.4896.60 (6a5d10861ce8..., userDataDir: C:\Users\GUILHE~1\AppData\L...}, goog:chromeOptions: {debuggerAddress: localhost:52884}, javascriptEnabled: true, networkConnectionEnabled: false, pageLoadStrategy: normal, platform: WINDOWS, platformName: WINDOWS, proxy: Proxy(), se:cdp: ws://localhost:52884/devtoo..., se:cdpVersion: 101.0.4951.54, setWindowRect: true, strictFileInteractability: false, timeouts: {implicit: 0, pageLoad: 300000, script: 30000}, unhandledPromptBehavior: dismiss and notify, webauthn:extension:credBlob: true, webauthn:extension:largeBlob: true, webauthn:virtualAuthenticators: true}
Session ID: 80e4a93d67a819191973537d5a231213
	at sun.reflect.NativeConstructorAccessorImpl.newInstance0(Native Method)
	at sun.reflect.NativeConstructorAccessorImpl.newInstance(NativeConstructorAccessorImpl.java:62)
	at sun.reflect.DelegatingConstructorAccessorImpl.newInstance(DelegatingConstructorAccessorImpl.java:45)
	at java.lang.reflect.Constructor.newInstance(Constructor.java:423)
	at org.openqa.selenium.remote.codec.w3c.W3CHttpResponseCodec.createException(W3CHttpResponseCodec.java:200)
	at org.openqa.selenium.remote.codec.w3c.W3CHttpResponseCodec.decode(W3CHttpResponseCodec.java:133)
	at org.openqa.selenium.remote.codec.w3c.W3CHttpResponseCodec.decode(W3CHttpResponseCodec.java:53)
	at org.openqa.selenium.remote.HttpCommandExecutor.execute(HttpCommandExecutor.java:184)
	at org.openqa.selenium.remote.service.DriverCommandExecutor.invokeExecute(DriverCommandExecutor.java:167)
	at org.openqa.selenium.remote.service.DriverCommandExecutor.execute(DriverCommandExecutor.java:142)
	at org.openqa.selenium.remote.RemoteWebDriver.execute(RemoteWebDriver.java:567)
	at org.openqa.selenium.remote.ElementLocation$ElementFinder$2.findElement(ElementLocation.java:162)
	at org.openqa.selenium.remote.ElementLocation.findElement(ElementLocation.java:60)
	at org.openqa.selenium.remote.RemoteWebDriver.findElement(RemoteWebDriver.java:385)
	at org.openqa.selenium.remote.RemoteWebDriver.findElement(RemoteWebDriver.java:377)
	at pages.UsuarioPage.clicarBotaoGerenciarUsuarios(UsuarioPage.java:47)
	at steps.usuario.UsuarioStep.acessarATelaDosUsuariosCadastrados(UsuarioStep.java:141)
	at âœ½.acessar a tela dos usuarios cadastrados(classpath:features/usuario.feature:95)
&amp;#27;[0m
  &amp;#27;[36mE &amp;#27;[0m&amp;#27;[36mclicar no campo usuario &amp;#27;[0m&amp;#27;[36m&amp;#27;[1m&quot;Usuario1&quot;&amp;#27;[0m                   &amp;#27;[90m# steps.usuario.UsuarioStep.clicarNoCampoUsuario(java.lang.String)&amp;#27;[0m
  &amp;#27;[36mE &amp;#27;[0m&amp;#27;[36meditar o nivel de acesso &amp;#27;[0m&amp;#27;[36m&amp;#27;[1m&quot;desenvolvedor&quot;&amp;#27;[0m             &amp;#27;[90m# steps.usuario.UsuarioStep.editarONivelDeAcesso(java.lang.String)&amp;#27;[0m
  &amp;#27;[36mE &amp;#27;[0m&amp;#27;[36mclicar no botao de atualizar usuario&amp;#27;[0m                 &amp;#27;[90m# steps.usuario.UsuarioStep.clicarNoBotaoDeAtualizarUsuario()&amp;#27;[0m
  &amp;#27;[36mEntÃ£o &amp;#27;[0m&amp;#27;[36mo sistema deve editar o nÃ­vel com sucesso&amp;#27;[0m        &amp;#27;[90m# null&amp;#27;[0m
</system-out>
    <system-err>Starting ChromeDriver 100.0.4896.60 (6a5d10861ce8de5fce22564658033b43cb7de047-refs/branch-heads/4896@{#875}) on port 59980
Only local connections are allowed.
Please see https://chromedriver.chromium.org/security-considerations for suggestions on keeping ChromeDriver safe.
ChromeDriver was started successfully.
[1652649290.151][WARNING]: This version of ChromeDriver has not been tested with Chrome version 101.
mai 15, 2022 6:14:50 PM org.openqa.selenium.remote.ProtocolHandshake createSession
INFORMAÇÕES: Detected dialect: W3C
mai 15, 2022 6:14:50 PM org.openqa.selenium.devtools.CdpVersionFinder findNearestMatch
ADVERTÊNCIA: Unable to find an exact match for CDP version 101, so returning the closest version found: 99
mai 15, 2022 6:14:50 PM org.openqa.selenium.devtools.CdpVersionFinder findNearestMatch
INFORMAÇÕES: Found CDP implementation for version 101 of 99
</system-err>
  </testcase>
  <testcase classname="Criação de usuários" name="Excluir usuário com sucesso" time="8.008">
    <error message="no such element: Unable to locate element: {&quot;method&quot;:&quot;xpath&quot;,&quot;selector&quot;:&quot;//a[contains(text(),&apos;Gerenciar UsuÃ¡rios&apos;)]&quot;}
  (Session info: chrome=101.0.4951.54)
For documentation on this error, please visit: https://selenium.dev/exceptions/#no_such_element
Build info: version: &apos;4.1.3&apos;, revision: &apos;7b1ebf28ef&apos;
System info: host: &apos;PAT-0509&apos;, ip: &apos;192.168.1.127&apos;, os.name: &apos;Windows 10&apos;, os.arch: &apos;amd64&apos;, os.version: &apos;10.0&apos;, java.version: &apos;1.8.0_312&apos;
Driver info: org.openqa.selenium.chrome.ChromeDriver
Command: [9f0391c9bea53959ecdfac4cdc5f21d5, findElement {using=xpath, value=//a[contains(text(),&apos;Gerenciar UsuÃ¡rios&apos;)]}]
Capabilities {acceptInsecureCerts: false, browserName: chrome, browserVersion: 101.0.4951.54, chrome: {chromedriverVersion: 100.0.4896.60 (6a5d10861ce8..., userDataDir: C:\Users\GUILHE~1\AppData\L...}, goog:chromeOptions: {debuggerAddress: localhost:52937}, javascriptEnabled: true, networkConnectionEnabled: false, pageLoadStrategy: normal, platform: WINDOWS, platformName: WINDOWS, proxy: Proxy(), se:cdp: ws://localhost:52937/devtoo..., se:cdpVersion: 101.0.4951.54, setWindowRect: true, strictFileInteractability: false, timeouts: {implicit: 0, pageLoad: 300000, script: 30000}, unhandledPromptBehavior: dismiss and notify, webauthn:extension:credBlob: true, webauthn:extension:largeBlob: true, webauthn:virtualAuthenticators: true}
Session ID: 9f0391c9bea53959ecdfac4cdc5f21d5" type="org.openqa.selenium.NoSuchElementException">org.openqa.selenium.NoSuchElementException: no such element: Unable to locate element: {&quot;method&quot;:&quot;xpath&quot;,&quot;selector&quot;:&quot;//a[contains(text(),&apos;Gerenciar UsuÃ¡rios&apos;)]&quot;}
  (Session info: chrome=101.0.4951.54)
For documentation on this error, please visit: https://selenium.dev/exceptions/#no_such_element
Build info: version: &apos;4.1.3&apos;, revision: &apos;7b1ebf28ef&apos;
System info: host: &apos;PAT-0509&apos;, ip: &apos;192.168.1.127&apos;, os.name: &apos;Windows 10&apos;, os.arch: &apos;amd64&apos;, os.version: &apos;10.0&apos;, java.version: &apos;1.8.0_312&apos;
Driver info: org.openqa.selenium.chrome.ChromeDriver
Command: [9f0391c9bea53959ecdfac4cdc5f21d5, findElement {using=xpath, value=//a[contains(text(),&apos;Gerenciar UsuÃ¡rios&apos;)]}]
Capabilities {acceptInsecureCerts: false, browserName: chrome, browserVersion: 101.0.4951.54, chrome: {chromedriverVersion: 100.0.4896.60 (6a5d10861ce8..., userDataDir: C:\Users\GUILHE~1\AppData\L...}, goog:chromeOptions: {debuggerAddress: localhost:52937}, javascriptEnabled: true, networkConnectionEnabled: false, pageLoadStrategy: normal, platform: WINDOWS, platformName: WINDOWS, proxy: Proxy(), se:cdp: ws://localhost:52937/devtoo..., se:cdpVersion: 101.0.4951.54, setWindowRect: true, strictFileInteractability: false, timeouts: {implicit: 0, pageLoad: 300000, script: 30000}, unhandledPromptBehavior: dismiss and notify, webauthn:extension:credBlob: true, webauthn:extension:largeBlob: true, webauthn:virtualAuthenticators: true}
Session ID: 9f0391c9bea53959ecdfac4cdc5f21d5
	at sun.reflect.NativeConstructorAccessorImpl.newInstance0(Native Method)
	at sun.reflect.NativeConstructorAccessorImpl.newInstance(NativeConstructorAccessorImpl.java:62)
	at sun.reflect.DelegatingConstructorAccessorImpl.newInstance(DelegatingConstructorAccessorImpl.java:45)
	at java.lang.reflect.Constructor.newInstance(Constructor.java:423)
	at org.openqa.selenium.remote.codec.w3c.W3CHttpResponseCodec.createException(W3CHttpResponseCodec.java:200)
	at org.openqa.selenium.remote.codec.w3c.W3CHttpResponseCodec.decode(W3CHttpResponseCodec.java:133)
	at org.openqa.selenium.remote.codec.w3c.W3CHttpResponseCodec.decode(W3CHttpResponseCodec.java:53)
	at org.openqa.selenium.remote.HttpCommandExecutor.execute(HttpCommandExecutor.java:184)
	at org.openqa.selenium.remote.service.DriverCommandExecutor.invokeExecute(DriverCommandExecutor.java:167)
	at org.openqa.selenium.remote.service.DriverCommandExecutor.execute(DriverCommandExecutor.java:142)
	at org.openqa.selenium.remote.RemoteWebDriver.execute(RemoteWebDriver.java:567)
	at org.openqa.selenium.remote.ElementLocation$ElementFinder$2.findElement(ElementLocation.java:162)
	at org.openqa.selenium.remote.ElementLocation.findElement(ElementLocation.java:60)
	at org.openqa.selenium.remote.RemoteWebDriver.findElement(RemoteWebDriver.java:385)
	at org.openqa.selenium.remote.RemoteWebDriver.findElement(RemoteWebDriver.java:377)
	at pages.UsuarioPage.clicarBotaoGerenciarUsuarios(UsuarioPage.java:47)
	at steps.usuario.UsuarioStep.acessarATelaDosUsuariosCadastrados(UsuarioStep.java:141)
	at ✽.acessar a tela dos usuarios cadastrados(classpath:features/usuario.feature:102)
</error>
    <system-out>
CenÃ¡rio: Excluir usuÃ¡rio com sucesso                     &amp;#27;[90m# features/usuario.feature:101&amp;#27;[0m
  &amp;#27;[32mDado &amp;#27;[0m&amp;#27;[32mque o usuario esteja na pagina de login do Mantis&amp;#27;[0m &amp;#27;[90m# steps.usuario.UsuarioStep.queOUsuarioEstejaNaPaginaDeLoginDoMantis()&amp;#27;[0m
  &amp;#27;[32mE &amp;#27;[0m&amp;#27;[32mque o usuario tenha feito o login com sucesso&amp;#27;[0m        &amp;#27;[90m# steps.usuario.UsuarioStep.queOUsuarioTenhaFeitoOLoginComSucesso()&amp;#27;[0m
  &amp;#27;[31mQuando &amp;#27;[0m&amp;#27;[31macessar a tela dos usuarios cadastrados&amp;#27;[0m         &amp;#27;[90m# steps.usuario.UsuarioStep.acessarATelaDosUsuariosCadastrados()&amp;#27;[0m
      &amp;#27;[31morg.openqa.selenium.NoSuchElementException: no such element: Unable to locate element: {&quot;method&quot;:&quot;xpath&quot;,&quot;selector&quot;:&quot;//a[contains(text(),&apos;Gerenciar UsuÃƒÂ¡rios&apos;)]&quot;}
  (Session info: chrome=101.0.4951.54)
For documentation on this error, please visit: https://selenium.dev/exceptions/#no_such_element
Build info: version: &apos;4.1.3&apos;, revision: &apos;7b1ebf28ef&apos;
System info: host: &apos;PAT-0509&apos;, ip: &apos;192.168.1.127&apos;, os.name: &apos;Windows 10&apos;, os.arch: &apos;amd64&apos;, os.version: &apos;10.0&apos;, java.version: &apos;1.8.0_312&apos;
Driver info: org.openqa.selenium.chrome.ChromeDriver
Command: [9f0391c9bea53959ecdfac4cdc5f21d5, findElement {using=xpath, value=//a[contains(text(),&apos;Gerenciar UsuÃƒÂ¡rios&apos;)]}]
Capabilities {acceptInsecureCerts: false, browserName: chrome, browserVersion: 101.0.4951.54, chrome: {chromedriverVersion: 100.0.4896.60 (6a5d10861ce8..., userDataDir: C:\Users\GUILHE~1\AppData\L...}, goog:chromeOptions: {debuggerAddress: localhost:52937}, javascriptEnabled: true, networkConnectionEnabled: false, pageLoadStrategy: normal, platform: WINDOWS, platformName: WINDOWS, proxy: Proxy(), se:cdp: ws://localhost:52937/devtoo..., se:cdpVersion: 101.0.4951.54, setWindowRect: true, strictFileInteractability: false, timeouts: {implicit: 0, pageLoad: 300000, script: 30000}, unhandledPromptBehavior: dismiss and notify, webauthn:extension:credBlob: true, webauthn:extension:largeBlob: true, webauthn:virtualAuthenticators: true}
Session ID: 9f0391c9bea53959ecdfac4cdc5f21d5
	at sun.reflect.NativeConstructorAccessorImpl.newInstance0(Native Method)
	at sun.reflect.NativeConstructorAccessorImpl.newInstance(NativeConstructorAccessorImpl.java:62)
	at sun.reflect.DelegatingConstructorAccessorImpl.newInstance(DelegatingConstructorAccessorImpl.java:45)
	at java.lang.reflect.Constructor.newInstance(Constructor.java:423)
	at org.openqa.selenium.remote.codec.w3c.W3CHttpResponseCodec.createException(W3CHttpResponseCodec.java:200)
	at org.openqa.selenium.remote.codec.w3c.W3CHttpResponseCodec.decode(W3CHttpResponseCodec.java:133)
	at org.openqa.selenium.remote.codec.w3c.W3CHttpResponseCodec.decode(W3CHttpResponseCodec.java:53)
	at org.openqa.selenium.remote.HttpCommandExecutor.execute(HttpCommandExecutor.java:184)
	at org.openqa.selenium.remote.service.DriverCommandExecutor.invokeExecute(DriverCommandExecutor.java:167)
	at org.openqa.selenium.remote.service.DriverCommandExecutor.execute(DriverCommandExecutor.java:142)
	at org.openqa.selenium.remote.RemoteWebDriver.execute(RemoteWebDriver.java:567)
	at org.openqa.selenium.remote.ElementLocation$ElementFinder$2.findElement(ElementLocation.java:162)
	at org.openqa.selenium.remote.ElementLocation.findElement(ElementLocation.java:60)
	at org.openqa.selenium.remote.RemoteWebDriver.findElement(RemoteWebDriver.java:385)
	at org.openqa.selenium.remote.RemoteWebDriver.findElement(RemoteWebDriver.java:377)
	at pages.UsuarioPage.clicarBotaoGerenciarUsuarios(UsuarioPage.java:47)
	at steps.usuario.UsuarioStep.acessarATelaDosUsuariosCadastrados(UsuarioStep.java:141)
	at âœ½.acessar a tela dos usuarios cadastrados(classpath:features/usuario.feature:102)
&amp;#27;[0m
  &amp;#27;[36mE &amp;#27;[0m&amp;#27;[36mclicar no campo usuario &amp;#27;[0m&amp;#27;[36m&amp;#27;[1m&quot;Usuario1&quot;&amp;#27;[0m                   &amp;#27;[90m# steps.usuario.UsuarioStep.clicarNoCampoUsuario(java.lang.String)&amp;#27;[0m
  &amp;#27;[36mE &amp;#27;[0m&amp;#27;[36mclicar no botao apagar usuario&amp;#27;[0m                       &amp;#27;[90m# steps.usuario.UsuarioStep.clicarNoBotaoApagarUsuario()&amp;#27;[0m
  &amp;#27;[36mEntÃ£o &amp;#27;[0m&amp;#27;[36mo sistema deve excluir com sucesso&amp;#27;[0m               &amp;#27;[90m# steps.usuario.UsuarioStep.oSistemaDeveExcluirComSucesso()&amp;#27;[0m
</system-out>
    <system-err>Starting ChromeDriver 100.0.4896.60 (6a5d10861ce8de5fce22564658033b43cb7de047-refs/branch-heads/4896@{#875}) on port 65104
Only local connections are allowed.
Please see https://chromedriver.chromium.org/security-considerations for suggestions on keeping ChromeDriver safe.
ChromeDriver was started successfully.
[1652649298.201][WARNING]: This version of ChromeDriver has not been tested with Chrome version 101.
mai 15, 2022 6:14:58 PM org.openqa.selenium.remote.ProtocolHandshake createSession
INFORMAÇÕES: Detected dialect: W3C
mai 15, 2022 6:14:58 PM org.openqa.selenium.devtools.CdpVersionFinder findNearestMatch
ADVERTÊNCIA: Unable to find an exact match for CDP version 101, so returning the closest version found: 99
mai 15, 2022 6:14:58 PM org.openqa.selenium.devtools.CdpVersionFinder findNearestMatch
INFORMAÇÕES: Found CDP implementation for version 101 of 99
</system-err>
  </testcase>
</testsuite>